Using pre-set license
Built from '2022.3/staging' branch; Version is '2022.3.9f1 (ea401c316338) revision 15351836'; Using compiler version '192829333'; Build Type 'Release'
OS: 'Windows 10  (10.0.19045) 64bit Education' Language: 'en' Physical Memory: 16288 MB
BatchMode: 1, IsHumanControllingUs: 0, StartBugReporterOnCrash: 0, Is64bit: 1, IsPro: 1

COMMAND LINE ARGUMENTS:
C:\Program Files\Unity\Hub\Editor\2022.3.9f1\Editor\Unity.exe
-adb2
-batchMode
-noUpm
-name
AssetImportWorker2
-projectPath
C:/Users/micha/Documents/GitHub/CS4555
-logFile
Logs/AssetImportWorker2.log
-srvPort
59514
Successfully changed project path to: C:/Users/micha/Documents/GitHub/CS4555
C:/Users/micha/Documents/GitHub/CS4555
[UnityMemory] Configuration Parameters - Can be set up in boot.config
    "memorysetup-bucket-allocator-granularity=16"
    "memorysetup-bucket-allocator-bucket-count=8"
    "memorysetup-bucket-allocator-block-size=33554432"
    "memorysetup-bucket-allocator-block-count=8"
    "memorysetup-main-allocator-block-size=16777216"
    "memorysetup-thread-allocator-block-size=16777216"
    "memorysetup-gfx-main-allocator-block-size=16777216"
    "memorysetup-gfx-thread-allocator-block-size=16777216"
    "memorysetup-cache-allocator-block-size=4194304"
    "memorysetup-typetree-allocator-block-size=2097152"
    "memorysetup-profiler-bucket-allocator-granularity=16"
    "memorysetup-profiler-bucket-allocator-bucket-count=8"
    "memorysetup-profiler-bucket-allocator-block-size=33554432"
    "memorysetup-profiler-bucket-allocator-block-count=8"
    "memorysetup-profiler-allocator-block-size=16777216"
    "memorysetup-profiler-editor-allocator-block-size=1048576"
    "memorysetup-temp-allocator-size-main=16777216"
    "memorysetup-job-temp-allocator-block-size=2097152"
    "memorysetup-job-temp-allocator-block-size-background=1048576"
    "memorysetup-job-temp-allocator-reduction-small-platforms=262144"
    "memorysetup-allocator-temp-initial-block-size-main=262144"
    "memorysetup-allocator-temp-initial-block-size-worker=262144"
    "memorysetup-temp-allocator-size-background-worker=32768"
    "memorysetup-temp-allocator-size-job-worker=262144"
    "memorysetup-temp-allocator-size-preload-manager=33554432"
    "memorysetup-temp-allocator-size-nav-mesh-worker=65536"
    "memorysetup-temp-allocator-size-audio-worker=65536"
    "memorysetup-temp-allocator-size-cloud-worker=32768"
    "memorysetup-temp-allocator-size-gi-baking-worker=262144"
    "memorysetup-temp-allocator-size-gfx=262144"
Player connection [11084] Host "[IP] 192.168.56.1 [Port] 0 [Flags] 2 [Guid] 2152687057 [EditorId] 2152687057 [Version] 1048832 [Id] WindowsEditor(7,DESKTOP-EQB7KR5) [Debug] 1 [PackageName] WindowsEditor [ProjectName] Editor" joined multi-casting on [225.0.0.222:54997]...

Player connection [11084] Host "[IP] 192.168.56.1 [Port] 0 [Flags] 2 [Guid] 2152687057 [EditorId] 2152687057 [Version] 1048832 [Id] WindowsEditor(7,DESKTOP-EQB7KR5) [Debug] 1 [PackageName] WindowsEditor [ProjectName] Editor" joined alternative multi-casting on [225.0.0.222:34997]...

[Physics::Module] Initialized MultithreadedJobDispatcher with 15 workers.
Refreshing native plugins compatible for Editor in 88.63 ms, found 3 plugins.
Preloading 0 native plugins for Editor in 0.00 ms.
Initialize engine version: 2022.3.9f1 (ea401c316338)
[Subsystems] Discovering subsystems at path C:/Program Files/Unity/Hub/Editor/2022.3.9f1/Editor/Data/Resources/UnitySubsystems
[Subsystems] Discovering subsystems at path C:/Users/micha/Documents/GitHub/CS4555/Assets
GfxDevice: creating device client; threaded=0; jobified=0
Direct3D:
    Version:  Direct3D 11.0 [level 11.1]
    Renderer: NVIDIA GeForce RTX 3080 (ID=0x2206)
    Vendor:   NVIDIA
    VRAM:     10067 MB
    Driver:   31.0.15.4584
Initialize mono
Mono path[0] = 'C:/Program Files/Unity/Hub/Editor/2022.3.9f1/Editor/Data/Managed'
Mono path[1] = 'C:/Program Files/Unity/Hub/Editor/2022.3.9f1/Editor/Data/MonoBleedingEdge/lib/mono/unityjit-win32'
Mono config path = 'C:/Program Files/Unity/Hub/Editor/2022.3.9f1/Editor/Data/MonoBleedingEdge/etc'
Using monoOptions --debugger-agent=transport=dt_socket,embedding=1,server=y,suspend=n,address=127.0.0.1:56164
Begin MonoManager ReloadAssembly
Registering precompiled unity dll's ...
Register platform support module: C:/Program Files/Unity/Hub/Editor/2022.3.9f1/Editor/Data/PlaybackEngines/WebGLSupport/UnityEditor.WebGL.Extensions.dll
Register platform support module: C:/Program Files/Unity/Hub/Editor/2022.3.9f1/Editor/Data/PlaybackEngines/WindowsStandaloneSupport/UnityEditor.WindowsStandalone.Extensions.dll
Registered in 0.016534 seconds.
- Loaded All Assemblies, in  0.438 seconds
Native extension for WindowsStandalone target not found
Native extension for WebGL target not found
Mono: successfully reloaded assembly
- Finished resetting the current domain, in  0.252 seconds
Domain Reload Profiling: 687ms
	BeginReloadAssembly (115ms)
		ExecutionOrderSort (0ms)
		DisableScriptedObjects (0ms)
		BackupInstance (0ms)
		ReleaseScriptingObjects (0ms)
		CreateAndSetChildDomain (1ms)
	RebuildCommonClasses (35ms)
	RebuildNativeTypeToScriptingClass (12ms)
	initialDomainReloadingComplete (73ms)
	LoadAllAssembliesAndSetupDomain (200ms)
		LoadAssemblies (112ms)
		RebuildTransferFunctionScriptingTraits (0ms)
		AnalyzeDomain (197ms)
			TypeCache.Refresh (195ms)
				TypeCache.ScanAssembly (181ms)
			ScanForSourceGeneratedMonoScriptInfo (0ms)
			ResolveRequiredComponents (1ms)
	FinalizeReload (252ms)
		ReleaseScriptCaches (0ms)
		RebuildScriptCaches (0ms)
		SetupLoadedEditorAssemblies (194ms)
			LogAssemblyErrors (0ms)
			InitializePlatformSupportModulesInManaged (13ms)
			SetLoadedEditorAssemblies (5ms)
			RefreshPlugins (0ms)
			BeforeProcessingInitializeOnLoad (2ms)
			ProcessInitializeOnLoadAttributes (122ms)
			ProcessInitializeOnLoadMethodAttributes (52ms)
			AfterProcessingInitializeOnLoad (0ms)
			EditorAssembliesLoaded (0ms)
		ExecutionOrderSort2 (0ms)
		AwakeInstancesAfterBackupRestoration (0ms)
========================================================================
Worker process is ready to serve import requests
Begin MonoManager ReloadAssembly
- Loaded All Assemblies, in  0.719 seconds
Refreshing native plugins compatible for Editor in 5.01 ms, found 3 plugins.
Native extension for WindowsStandalone target not found
Native extension for WebGL target not found
Package Manager log level set to [2]
[Package Manager] Server::EnsureServerProcessIsRunning -- launch failed, reason: Unity was launched with the -noUpm command-line argument
[Package Manager] UpmClient::Send -- Unable to send message (not connected to UPM process).
[Package Manager] Cannot connect to Unity Package Manager local server
Mono: successfully reloaded assembly
- Finished resetting the current domain, in  0.771 seconds
Domain Reload Profiling: 1486ms
	BeginReloadAssembly (156ms)
		ExecutionOrderSort (0ms)
		DisableScriptedObjects (5ms)
		BackupInstance (0ms)
		ReleaseScriptingObjects (0ms)
		CreateAndSetChildDomain (23ms)
	RebuildCommonClasses (33ms)
	RebuildNativeTypeToScriptingClass (11ms)
	initialDomainReloadingComplete (44ms)
	LoadAllAssembliesAndSetupDomain (470ms)
		LoadAssemblies (334ms)
		RebuildTransferFunctionScriptingTraits (0ms)
		AnalyzeDomain (227ms)
			TypeCache.Refresh (204ms)
				TypeCache.ScanAssembly (143ms)
			ScanForSourceGeneratedMonoScriptInfo (16ms)
			ResolveRequiredComponents (5ms)
	FinalizeReload (772ms)
		ReleaseScriptCaches (0ms)
		RebuildScriptCaches (0ms)
		SetupLoadedEditorAssemblies (634ms)
			LogAssemblyErrors (0ms)
			InitializePlatformSupportModulesInManaged (11ms)
			SetLoadedEditorAssemblies (5ms)
			RefreshPlugins (0ms)
			BeforeProcessingInitializeOnLoad (72ms)
			ProcessInitializeOnLoadAttributes (518ms)
			ProcessInitializeOnLoadMethodAttributes (17ms)
			AfterProcessingInitializeOnLoad (11ms)
			EditorAssembliesLoaded (0ms)
		ExecutionOrderSort2 (0ms)
		AwakeInstancesAfterBackupRestoration (6ms)
Launched and connected shader compiler UnityShaderCompiler.exe after 0.06 seconds
Refreshing native plugins compatible for Editor in 5.22 ms, found 3 plugins.
Preloading 0 native plugins for Editor in 0.00 ms.
Unloading 3561 Unused Serialized files (Serialized files now loaded: 0)
Unloading 38 unused Assets / (58.4 KB). Loaded Objects now: 4054.
Memory consumption went from 143.9 MB to 143.8 MB.
Total: 3.781800 ms (FindLiveObjects: 0.438000 ms CreateObjectMapping: 0.086200 ms MarkObjects: 3.094500 ms  DeleteObjects: 0.162200 ms)

AssetImportParameters requested are different than current active one (requested -> active):
  custom:container-demuxer-ogg: 62fdf1f143b41e24485cea50d1cbac27 -> 
  custom:video-codec-MediaFoundation-h265: 746d11721c4dcdbdad8f713fa42b33f4 -> 
  custom:video-decoder-ogg-theora: a1e56fd34408186e4bbccfd4996cb3dc -> 
  custom:framework-win-MediaFoundation: 216162199b28c13a410421893ffa2e32 -> 
  custom:CustomObjectIndexerAttribute: 756ad292c208cfabdd7b50bc23989ffe -> 
  custom:container-demuxer-webm: 4f35f7cbe854078d1ac9338744f61a02 -> 
  custom:container-muxer-webm: aa71ff27fc2769a1b78a27578f13a17b -> 
  custom:video-decoder-webm-vp8: 9c59270c3fd7afecdb556c50c9e8de78 -> 
  custom:SearchIndexIgnoredProperties: e643bd26f0fe6173181afceb89e7c659 -> 
  custom:AudioImporter_EditorPlatform: d09bf68614088b80899f8185d706f6e7 -> 
  custom:scripting/monoscript/fileName/SetupInputLayers.cs: 389979534e379616ab9ca67b9498efac -> 
  custom:video-encoder-webm-vp8: eb34c28f22e8b96e1ab97ce403110664 -> 
  custom:audio-decoder-ogg-vorbis: bf7c407c2cedff20999df2af8eb42d56 -> 
  custom:audio-encoder-webm-vorbis: bf7c407c2cedff20999df2af8eb42d56 -> 
========================================================================
Received Import Request.
  Time since last request: 188774.202412 seconds.
  path: Assets/ExplosiveLLC/Warrior FREE/Physic Material/Warrior.physicMaterial
  artifactKey: Guid(4d20c62a46f4d9b48ae8bc125f9b550f) Importer(815301076,1909f56bfc062723c751e8b465ee728b)
Start importing Assets/ExplosiveLLC/Warrior FREE/Physic Material/Warrior.physicMaterial using Guid(4d20c62a46f4d9b48ae8bc125f9b550f) Importer(815301076,1909f56bfc062723c751e8b465ee728b)  -> (artifact id: '4f7fd002ca2a3bcea35734a0cfa1eff8') in 0.010770 seconds
Number of updated asset objects reloaded before import = 0
Number of asset objects unloaded after import = 1
========================================================================
Received Prepare
Begin MonoManager ReloadAssembly
- Loaded All Assemblies, in  0.556 seconds
Refreshing native plugins compatible for Editor in 4.64 ms, found 3 plugins.
Native extension for WindowsStandalone target not found
Native extension for WebGL target not found
[Package Manager] Server::EnsureServerProcessIsRunning -- launch failed, reason: Unity was launched with the -noUpm command-line argument
[Package Manager] UpmClient::Send -- Unable to send message (not connected to UPM process).
[Package Manager] Cannot connect to Unity Package Manager local server
Mono: successfully reloaded assembly
- Finished resetting the current domain, in  1.272 seconds
Domain Reload Profiling: 1823ms
	BeginReloadAssembly (180ms)
		ExecutionOrderSort (0ms)
		DisableScriptedObjects (6ms)
		BackupInstance (0ms)
		ReleaseScriptingObjects (0ms)
		CreateAndSetChildDomain (39ms)
	RebuildCommonClasses (36ms)
	RebuildNativeTypeToScriptingClass (12ms)
	initialDomainReloadingComplete (35ms)
	LoadAllAssembliesAndSetupDomain (287ms)
		LoadAssemblies (349ms)
		RebuildTransferFunctionScriptingTraits (0ms)
		AnalyzeDomain (38ms)
			TypeCache.Refresh (11ms)
				TypeCache.ScanAssembly (1ms)
			ScanForSourceGeneratedMonoScriptInfo (20ms)
			ResolveRequiredComponents (5ms)
	FinalizeReload (1273ms)
		ReleaseScriptCaches (0ms)
		RebuildScriptCaches (0ms)
		SetupLoadedEditorAssemblies (607ms)
			LogAssemblyErrors (0ms)
			InitializePlatformSupportModulesInManaged (10ms)
			SetLoadedEditorAssemblies (4ms)
			RefreshPlugins (0ms)
			BeforeProcessingInitializeOnLoad (79ms)
			ProcessInitializeOnLoadAttributes (483ms)
			ProcessInitializeOnLoadMethodAttributes (18ms)
			AfterProcessingInitializeOnLoad (13ms)
			EditorAssembliesLoaded (0ms)
		ExecutionOrderSort2 (0ms)
		AwakeInstancesAfterBackupRestoration (7ms)
Refreshing native plugins compatible for Editor in 5.52 ms, found 3 plugins.
Preloading 0 native plugins for Editor in 0.00 ms.
Unloading 3531 Unused Serialized files (Serialized files now loaded: 0)
Unloading 31 unused Assets / (35.2 KB). Loaded Objects now: 4050.
Memory consumption went from 138.8 MB to 138.7 MB.
Total: 4.827600 ms (FindLiveObjects: 0.427400 ms CreateObjectMapping: 0.105600 ms MarkObjects: 4.218600 ms  DeleteObjects: 0.074600 ms)

Prepare: number of updated asset objects reloaded= 0
AssetImportParameters requested are different than current active one (requested -> active):
  custom:container-demuxer-ogg: 62fdf1f143b41e24485cea50d1cbac27 -> 
  custom:video-codec-MediaFoundation-h265: 746d11721c4dcdbdad8f713fa42b33f4 -> 
  custom:video-decoder-ogg-theora: a1e56fd34408186e4bbccfd4996cb3dc -> 
  custom:framework-win-MediaFoundation: 216162199b28c13a410421893ffa2e32 -> 
  custom:CustomObjectIndexerAttribute: 756ad292c208cfabdd7b50bc23989ffe -> 
  custom:container-demuxer-webm: 4f35f7cbe854078d1ac9338744f61a02 -> 
  custom:container-muxer-webm: aa71ff27fc2769a1b78a27578f13a17b -> 
  custom:video-decoder-webm-vp8: 9c59270c3fd7afecdb556c50c9e8de78 -> 
  custom:SearchIndexIgnoredProperties: e643bd26f0fe6173181afceb89e7c659 -> 
  custom:AudioImporter_EditorPlatform: d09bf68614088b80899f8185d706f6e7 -> 
  custom:scripting/monoscript/fileName/SetupInputLayers.cs: 389979534e379616ab9ca67b9498efac -> 
  custom:video-encoder-webm-vp8: eb34c28f22e8b96e1ab97ce403110664 -> 
  custom:audio-decoder-ogg-vorbis: bf7c407c2cedff20999df2af8eb42d56 -> 
  custom:audio-encoder-webm-vorbis: bf7c407c2cedff20999df2af8eb42d56 -> 
========================================================================
Received Import Request.
  Time since last request: 12.355638 seconds.
  path: Assets/ExplosiveLLC/Warrior Pack Bundle 2 FREE/2 Handed Warrior Mecanim Animation Pack/Avatar Mask/2Handed UpperBody AvatarMask.mask
  artifactKey: Guid(4aac5ee89187dd04aa11964581909423) Importer(815301076,1909f56bfc062723c751e8b465ee728b)
Start importing Assets/ExplosiveLLC/Warrior Pack Bundle 2 FREE/2 Handed Warrior Mecanim Animation Pack/Avatar Mask/2Handed UpperBody AvatarMask.mask using Guid(4aac5ee89187dd04aa11964581909423) Importer(815301076,1909f56bfc062723c751e8b465ee728b)  -> (artifact id: 'db2e8ae1ad32b65f21677623e9a54455') in 0.014585 seconds
Number of updated asset objects reloaded before import = 0
Number of asset objects unloaded after import = 1
========================================================================
Received Import Request.
  Time since last request: 0.653891 seconds.
  path: Assets/ExplosiveLLC/Warrior Pack Bundle 2 FREE/2 Handed Warrior Mecanim Animation Pack/Characters/2Handed.FBX
  artifactKey: Guid(781a15e490c144941adf6440cf6b6cdd) Importer(815301076,1909f56bfc062723c751e8b465ee728b)
Start importing Assets/ExplosiveLLC/Warrior Pack Bundle 2 FREE/2 Handed Warrior Mecanim Animation Pack/Characters/2Handed.FBX using Guid(781a15e490c144941adf6440cf6b6cdd) Importer(815301076,1909f56bfc062723c751e8b465ee728b)  -> (artifact id: 'bbba95c079b1b648aec05667087bd915') in 0.185852 seconds
Number of updated asset objects reloaded before import = 0
Number of asset objects unloaded after import = 121
========================================================================
Received Import Request.
  Time since last request: 1.605700 seconds.
  path: Assets/ExplosiveLLC/Warrior Pack Bundle 2 FREE/2 Handed Warrior Mecanim Animation Pack/Prefabs/2Handed Warrior.prefab
  artifactKey: Guid(338097dc3c0187f42a8a49e673ed32d4) Importer(815301076,1909f56bfc062723c751e8b465ee728b)
Start importing Assets/ExplosiveLLC/Warrior Pack Bundle 2 FREE/2 Handed Warrior Mecanim Animation Pack/Prefabs/2Handed Warrior.prefab using Guid(338097dc3c0187f42a8a49e673ed32d4) Importer(815301076,1909f56bfc062723c751e8b465ee728b)  -> (artifact id: '322733aae0a4618e5cfdec1ff555ba82') in 0.039961 seconds
Number of updated asset objects reloaded before import = 0
Number of asset objects unloaded after import = 148
========================================================================
Received Import Request.
  Time since last request: 1.462056 seconds.
  path: Assets/ExplosiveLLC/Warrior Pack Bundle 2 FREE/2 Handed Warrior Mecanim Animation Pack/Textures/2Handed.psd
  artifactKey: Guid(53e71cc60705d4a49ad71768851612fe) Importer(815301076,1909f56bfc062723c751e8b465ee728b)
Start importing Assets/ExplosiveLLC/Warrior Pack Bundle 2 FREE/2 Handed Warrior Mecanim Animation Pack/Textures/2Handed.psd using Guid(53e71cc60705d4a49ad71768851612fe) Importer(815301076,1909f56bfc062723c751e8b465ee728b)  -> (artifact id: '7834b26b086c121d9826430b35f7e282') in 0.038899 seconds
Number of updated asset objects reloaded before import = 0
Number of asset objects unloaded after import = 2
========================================================================
Received Import Request.
  Time since last request: 322.373435 seconds.
  path: Assets/Scripts
  artifactKey: Guid(eee2992aa5c7d72429eb215a6b0e1564) Importer(815301076,1909f56bfc062723c751e8b465ee728b)
Start importing Assets/Scripts using Guid(eee2992aa5c7d72429eb215a6b0e1564) Importer(815301076,1909f56bfc062723c751e8b465ee728b)  -> (artifact id: 'de56fa932766d64727cd8fb0936a5469') in 0.000909 seconds
Number of updated asset objects reloaded before import = 0
Number of asset objects unloaded after import = 0
========================================================================
Received Import Request.
  Time since last request: 6.943513 seconds.
  path: Assets/Scripts/Item.cs
  artifactKey: Guid(e411453d13ae276489ac31a33ced33c9) Importer(815301076,1909f56bfc062723c751e8b465ee728b)
Start importing Assets/Scripts/Item.cs using Guid(e411453d13ae276489ac31a33ced33c9) Importer(815301076,1909f56bfc062723c751e8b465ee728b)  -> (artifact id: '393983a0c94f4381a3eb048347df2642') in 0.000743 seconds
Number of updated asset objects reloaded before import = 0
Number of asset objects unloaded after import = 0
========================================================================
Received Prepare
Begin MonoManager ReloadAssembly
- Loaded All Assemblies, in  0.575 seconds
Refreshing native plugins compatible for Editor in 4.83 ms, found 3 plugins.
Native extension for WindowsStandalone target not found
Native extension for WebGL target not found
[Package Manager] Server::EnsureServerProcessIsRunning -- launch failed, reason: Unity was launched with the -noUpm command-line argument
[Package Manager] UpmClient::Send -- Unable to send message (not connected to UPM process).
[Package Manager] Cannot connect to Unity Package Manager local server
Mono: successfully reloaded assembly
- Finished resetting the current domain, in  1.246 seconds
Domain Reload Profiling: 1815ms
	BeginReloadAssembly (173ms)
		ExecutionOrderSort (0ms)
		DisableScriptedObjects (4ms)
		BackupInstance (0ms)
		ReleaseScriptingObjects (0ms)
		CreateAndSetChildDomain (40ms)
	RebuildCommonClasses (37ms)
	RebuildNativeTypeToScriptingClass (17ms)
	initialDomainReloadingComplete (37ms)
	LoadAllAssembliesAndSetupDomain (304ms)
		LoadAssemblies (369ms)
		RebuildTransferFunctionScriptingTraits (0ms)
		AnalyzeDomain (30ms)
			TypeCache.Refresh (11ms)
				TypeCache.ScanAssembly (1ms)
			ScanForSourceGeneratedMonoScriptInfo (13ms)
			ResolveRequiredComponents (5ms)
	FinalizeReload (1247ms)
		ReleaseScriptCaches (0ms)
		RebuildScriptCaches (0ms)
		SetupLoadedEditorAssemblies (610ms)
			LogAssemblyErrors (0ms)
			InitializePlatformSupportModulesInManaged (13ms)
			SetLoadedEditorAssemblies (4ms)
			RefreshPlugins (0ms)
			BeforeProcessingInitializeOnLoad (80ms)
			ProcessInitializeOnLoadAttributes (482ms)
			ProcessInitializeOnLoadMethodAttributes (17ms)
			AfterProcessingInitializeOnLoad (15ms)
			EditorAssembliesLoaded (0ms)
		ExecutionOrderSort2 (0ms)
		AwakeInstancesAfterBackupRestoration (8ms)
Refreshing native plugins compatible for Editor in 4.50 ms, found 3 plugins.
Preloading 0 native plugins for Editor in 0.00 ms.
Unloading 3532 Unused Serialized files (Serialized files now loaded: 0)
Unloading 23 unused Assets / (31.1 KB). Loaded Objects now: 4068.
Memory consumption went from 145.2 MB to 145.2 MB.
Total: 3.603600 ms (FindLiveObjects: 0.415000 ms CreateObjectMapping: 0.099500 ms MarkObjects: 3.031300 ms  DeleteObjects: 0.056700 ms)

Prepare: number of updated asset objects reloaded= 0
AssetImportParameters requested are different than current active one (requested -> active):
  custom:container-demuxer-ogg: 62fdf1f143b41e24485cea50d1cbac27 -> 
  custom:video-codec-MediaFoundation-h265: 746d11721c4dcdbdad8f713fa42b33f4 -> 
  custom:video-decoder-ogg-theora: a1e56fd34408186e4bbccfd4996cb3dc -> 
  custom:framework-win-MediaFoundation: 216162199b28c13a410421893ffa2e32 -> 
  custom:CustomObjectIndexerAttribute: 756ad292c208cfabdd7b50bc23989ffe -> 
  custom:container-demuxer-webm: 4f35f7cbe854078d1ac9338744f61a02 -> 
  custom:container-muxer-webm: aa71ff27fc2769a1b78a27578f13a17b -> 
  custom:video-decoder-webm-vp8: 9c59270c3fd7afecdb556c50c9e8de78 -> 
  custom:SearchIndexIgnoredProperties: e643bd26f0fe6173181afceb89e7c659 -> 
  custom:AudioImporter_EditorPlatform: d09bf68614088b80899f8185d706f6e7 -> 
  custom:scripting/monoscript/fileName/SetupInputLayers.cs: 389979534e379616ab9ca67b9498efac -> 
  custom:video-encoder-webm-vp8: eb34c28f22e8b96e1ab97ce403110664 -> 
  custom:audio-decoder-ogg-vorbis: bf7c407c2cedff20999df2af8eb42d56 -> 
  custom:audio-encoder-webm-vorbis: bf7c407c2cedff20999df2af8eb42d56 -> 
========================================================================
Received Import Request.
  Time since last request: 18.816687 seconds.
  path: Assets/Scripts/Item.cs
  artifactKey: Guid(e411453d13ae276489ac31a33ced33c9) Importer(815301076,1909f56bfc062723c751e8b465ee728b)
Start importing Assets/Scripts/Item.cs using Guid(e411453d13ae276489ac31a33ced33c9) Importer(815301076,1909f56bfc062723c751e8b465ee728b)  -> (artifact id: 'df99545cbda25c89a3308120ff4c5832') in 0.007371 seconds
Number of updated asset objects reloaded before import = 0
Number of asset objects unloaded after import = 0
========================================================================
Received Prepare
Begin MonoManager ReloadAssembly
- Loaded All Assemblies, in  0.564 seconds
Refreshing native plugins compatible for Editor in 4.39 ms, found 3 plugins.
Native extension for WindowsStandalone target not found
Native extension for WebGL target not found
[Package Manager] Server::EnsureServerProcessIsRunning -- launch failed, reason: Unity was launched with the -noUpm command-line argument
[Package Manager] UpmClient::Send -- Unable to send message (not connected to UPM process).
[Package Manager] Cannot connect to Unity Package Manager local server
Mono: successfully reloaded assembly
- Finished resetting the current domain, in  1.185 seconds
Domain Reload Profiling: 1743ms
	BeginReloadAssembly (177ms)
		ExecutionOrderSort (0ms)
		DisableScriptedObjects (5ms)
		BackupInstance (0ms)
		ReleaseScriptingObjects (0ms)
		CreateAndSetChildDomain (42ms)
	RebuildCommonClasses (35ms)
	RebuildNativeTypeToScriptingClass (12ms)
	initialDomainReloadingComplete (37ms)
	LoadAllAssembliesAndSetupDomain (296ms)
		LoadAssemblies (359ms)
		RebuildTransferFunctionScriptingTraits (0ms)
		AnalyzeDomain (29ms)
			TypeCache.Refresh (11ms)
				TypeCache.ScanAssembly (1ms)
			ScanForSourceGeneratedMonoScriptInfo (11ms)
			ResolveRequiredComponents (5ms)
	FinalizeReload (1186ms)
		ReleaseScriptCaches (0ms)
		RebuildScriptCaches (0ms)
		SetupLoadedEditorAssemblies (581ms)
			LogAssemblyErrors (0ms)
			InitializePlatformSupportModulesInManaged (10ms)
			SetLoadedEditorAssemblies (5ms)
			RefreshPlugins (0ms)
			BeforeProcessingInitializeOnLoad (74ms)
			ProcessInitializeOnLoadAttributes (463ms)
			ProcessInitializeOnLoadMethodAttributes (16ms)
			AfterProcessingInitializeOnLoad (14ms)
			EditorAssembliesLoaded (0ms)
		ExecutionOrderSort2 (0ms)
		AwakeInstancesAfterBackupRestoration (8ms)
Refreshing native plugins compatible for Editor in 4.36 ms, found 3 plugins.
Preloading 0 native plugins for Editor in 0.00 ms.
Unloading 3532 Unused Serialized files (Serialized files now loaded: 0)
Unloading 23 unused Assets / (31.1 KB). Loaded Objects now: 4071.
Memory consumption went from 145.2 MB to 145.2 MB.
Total: 3.459300 ms (FindLiveObjects: 0.367200 ms CreateObjectMapping: 0.087900 ms MarkObjects: 2.938800 ms  DeleteObjects: 0.064200 ms)

Prepare: number of updated asset objects reloaded= 0
AssetImportParameters requested are different than current active one (requested -> active):
  custom:container-demuxer-ogg: 62fdf1f143b41e24485cea50d1cbac27 -> 
  custom:video-codec-MediaFoundation-h265: 746d11721c4dcdbdad8f713fa42b33f4 -> 
  custom:video-decoder-ogg-theora: a1e56fd34408186e4bbccfd4996cb3dc -> 
  custom:framework-win-MediaFoundation: 216162199b28c13a410421893ffa2e32 -> 
  custom:CustomObjectIndexerAttribute: 756ad292c208cfabdd7b50bc23989ffe -> 
  custom:container-demuxer-webm: 4f35f7cbe854078d1ac9338744f61a02 -> 
  custom:container-muxer-webm: aa71ff27fc2769a1b78a27578f13a17b -> 
  custom:video-decoder-webm-vp8: 9c59270c3fd7afecdb556c50c9e8de78 -> 
  custom:SearchIndexIgnoredProperties: e643bd26f0fe6173181afceb89e7c659 -> 
  custom:AudioImporter_EditorPlatform: d09bf68614088b80899f8185d706f6e7 -> 
  custom:scripting/monoscript/fileName/SetupInputLayers.cs: 389979534e379616ab9ca67b9498efac -> 
  custom:video-encoder-webm-vp8: eb34c28f22e8b96e1ab97ce403110664 -> 
  custom:audio-decoder-ogg-vorbis: bf7c407c2cedff20999df2af8eb42d56 -> 
  custom:audio-encoder-webm-vorbis: bf7c407c2cedff20999df2af8eb42d56 -> 
========================================================================
Received Prepare
Begin MonoManager ReloadAssembly
- Loaded All Assemblies, in  0.590 seconds
Refreshing native plugins compatible for Editor in 4.42 ms, found 3 plugins.
Native extension for WindowsStandalone target not found
Native extension for WebGL target not found
[Package Manager] Server::EnsureServerProcessIsRunning -- launch failed, reason: Unity was launched with the -noUpm command-line argument
[Package Manager] UpmClient::Send -- Unable to send message (not connected to UPM process).
[Package Manager] Cannot connect to Unity Package Manager local server
Mono: successfully reloaded assembly
- Finished resetting the current domain, in  1.245 seconds
Domain Reload Profiling: 1829ms
	BeginReloadAssembly (195ms)
		ExecutionOrderSort (0ms)
		DisableScriptedObjects (5ms)
		BackupInstance (0ms)
		ReleaseScriptingObjects (0ms)
		CreateAndSetChildDomain (43ms)
	RebuildCommonClasses (40ms)
	RebuildNativeTypeToScriptingClass (12ms)
	initialDomainReloadingComplete (38ms)
	LoadAllAssembliesAndSetupDomain (298ms)
		LoadAssemblies (368ms)
		RebuildTransferFunctionScriptingTraits (0ms)
		AnalyzeDomain (36ms)
			TypeCache.Refresh (12ms)
				TypeCache.ScanAssembly (1ms)
			ScanForSourceGeneratedMonoScriptInfo (17ms)
			ResolveRequiredComponents (5ms)
	FinalizeReload (1246ms)
		ReleaseScriptCaches (0ms)
		RebuildScriptCaches (0ms)
		SetupLoadedEditorAssemblies (607ms)
			LogAssemblyErrors (0ms)
			InitializePlatformSupportModulesInManaged (11ms)
			SetLoadedEditorAssemblies (4ms)
			RefreshPlugins (0ms)
			BeforeProcessingInitializeOnLoad (83ms)
			ProcessInitializeOnLoadAttributes (475ms)
			ProcessInitializeOnLoadMethodAttributes (21ms)
			AfterProcessingInitializeOnLoad (12ms)
			EditorAssembliesLoaded (0ms)
		ExecutionOrderSort2 (0ms)
		AwakeInstancesAfterBackupRestoration (7ms)
Refreshing native plugins compatible for Editor in 4.50 ms, found 3 plugins.
Preloading 0 native plugins for Editor in 0.00 ms.
Unloading 3534 Unused Serialized files (Serialized files now loaded: 0)
Unloading 23 unused Assets / (31.0 KB). Loaded Objects now: 4075.
Memory consumption went from 145.5 MB to 145.5 MB.
Total: 4.438700 ms (FindLiveObjects: 0.693500 ms CreateObjectMapping: 0.111900 ms MarkObjects: 3.575700 ms  DeleteObjects: 0.056400 ms)

Prepare: number of updated asset objects reloaded= 0
AssetImportParameters requested are different than current active one (requested -> active):
  custom:container-demuxer-ogg: 62fdf1f143b41e24485cea50d1cbac27 -> 
  custom:video-codec-MediaFoundation-h265: 746d11721c4dcdbdad8f713fa42b33f4 -> 
  custom:video-decoder-ogg-theora: a1e56fd34408186e4bbccfd4996cb3dc -> 
  custom:framework-win-MediaFoundation: 216162199b28c13a410421893ffa2e32 -> 
  custom:CustomObjectIndexerAttribute: 756ad292c208cfabdd7b50bc23989ffe -> 
  custom:container-demuxer-webm: 4f35f7cbe854078d1ac9338744f61a02 -> 
  custom:container-muxer-webm: aa71ff27fc2769a1b78a27578f13a17b -> 
  custom:video-decoder-webm-vp8: 9c59270c3fd7afecdb556c50c9e8de78 -> 
  custom:SearchIndexIgnoredProperties: e643bd26f0fe6173181afceb89e7c659 -> 
  custom:AudioImporter_EditorPlatform: d09bf68614088b80899f8185d706f6e7 -> 
  custom:scripting/monoscript/fileName/SetupInputLayers.cs: 389979534e379616ab9ca67b9498efac -> 
  custom:video-encoder-webm-vp8: eb34c28f22e8b96e1ab97ce403110664 -> 
  custom:audio-decoder-ogg-vorbis: bf7c407c2cedff20999df2af8eb42d56 -> 
  custom:audio-encoder-webm-vorbis: bf7c407c2cedff20999df2af8eb42d56 -> 
========================================================================
Received Import Request.
  Time since last request: 232.139326 seconds.
  path: Assets/Scripts/NewBehaviourScript.cs
  artifactKey: Guid(bb6c751ed3efcad47856dd94b4abd4bd) Importer(815301076,1909f56bfc062723c751e8b465ee728b)
Start importing Assets/Scripts/NewBehaviourScript.cs using Guid(bb6c751ed3efcad47856dd94b4abd4bd) Importer(815301076,1909f56bfc062723c751e8b465ee728b)  -> (artifact id: 'ae84d743bf49f13eef3e932990dad095') in 0.014329 seconds
Number of updated asset objects reloaded before import = 0
Number of asset objects unloaded after import = 0
========================================================================
Received Import Request.
  Time since last request: 9.223941 seconds.
  path: Assets/Scripts/WeaponItem.cs
  artifactKey: Guid(bb6c751ed3efcad47856dd94b4abd4bd) Importer(815301076,1909f56bfc062723c751e8b465ee728b)
Start importing Assets/Scripts/WeaponItem.cs using Guid(bb6c751ed3efcad47856dd94b4abd4bd) Importer(815301076,1909f56bfc062723c751e8b465ee728b)  -> (artifact id: '2c500b9ba0d6fbbfcbe4f9fa143c678f') in 0.000629 seconds
Number of updated asset objects reloaded before import = 0
Number of asset objects unloaded after import = 0
========================================================================
Received Prepare
Begin MonoManager ReloadAssembly
- Loaded All Assemblies, in  0.580 seconds
Refreshing native plugins compatible for Editor in 4.64 ms, found 3 plugins.
Native extension for WindowsStandalone target not found
Native extension for WebGL target not found
[Package Manager] Server::EnsureServerProcessIsRunning -- launch failed, reason: Unity was launched with the -noUpm command-line argument
[Package Manager] UpmClient::Send -- Unable to send message (not connected to UPM process).
[Package Manager] Cannot connect to Unity Package Manager local server
Mono: successfully reloaded assembly
- Finished resetting the current domain, in  1.222 seconds
Domain Reload Profiling: 1795ms
	BeginReloadAssembly (185ms)
		ExecutionOrderSort (0ms)
		DisableScriptedObjects (6ms)
		BackupInstance (0ms)
		ReleaseScriptingObjects (0ms)
		CreateAndSetChildDomain (43ms)
	RebuildCommonClasses (40ms)
	RebuildNativeTypeToScriptingClass (16ms)
	initialDomainReloadingComplete (38ms)
	LoadAllAssembliesAndSetupDomain (295ms)
		LoadAssemblies (355ms)
		RebuildTransferFunctionScriptingTraits (0ms)
		AnalyzeDomain (36ms)
			TypeCache.Refresh (15ms)
				TypeCache.ScanAssembly (2ms)
			ScanForSourceGeneratedMonoScriptInfo (15ms)
			ResolveRequiredComponents (5ms)
	FinalizeReload (1222ms)
		ReleaseScriptCaches (0ms)
		RebuildScriptCaches (0ms)
		SetupLoadedEditorAssemblies (616ms)
			LogAssemblyErrors (0ms)
			InitializePlatformSupportModulesInManaged (12ms)
			SetLoadedEditorAssemblies (6ms)
			RefreshPlugins (0ms)
			BeforeProcessingInitializeOnLoad (77ms)
			ProcessInitializeOnLoadAttributes (491ms)
			ProcessInitializeOnLoadMethodAttributes (17ms)
			AfterProcessingInitializeOnLoad (14ms)
			EditorAssembliesLoaded (0ms)
		ExecutionOrderSort2 (0ms)
		AwakeInstancesAfterBackupRestoration (6ms)
Refreshing native plugins compatible for Editor in 5.82 ms, found 3 plugins.
Preloading 0 native plugins for Editor in 0.00 ms.
Unloading 3533 Unused Serialized files (Serialized files now loaded: 0)
Unloading 23 unused Assets / (31.1 KB). Loaded Objects now: 4078.
Memory consumption went from 145.3 MB to 145.2 MB.
Total: 4.576600 ms (FindLiveObjects: 0.507200 ms CreateObjectMapping: 0.104300 ms MarkObjects: 3.894100 ms  DeleteObjects: 0.069800 ms)

Prepare: number of updated asset objects reloaded= 0
AssetImportParameters requested are different than current active one (requested -> active):
  custom:container-demuxer-ogg: 62fdf1f143b41e24485cea50d1cbac27 -> 
  custom:video-codec-MediaFoundation-h265: 746d11721c4dcdbdad8f713fa42b33f4 -> 
  custom:video-decoder-ogg-theora: a1e56fd34408186e4bbccfd4996cb3dc -> 
  custom:framework-win-MediaFoundation: 216162199b28c13a410421893ffa2e32 -> 
  custom:CustomObjectIndexerAttribute: 756ad292c208cfabdd7b50bc23989ffe -> 
  custom:container-demuxer-webm: 4f35f7cbe854078d1ac9338744f61a02 -> 
  custom:container-muxer-webm: aa71ff27fc2769a1b78a27578f13a17b -> 
  custom:video-decoder-webm-vp8: 9c59270c3fd7afecdb556c50c9e8de78 -> 
  custom:SearchIndexIgnoredProperties: e643bd26f0fe6173181afceb89e7c659 -> 
  custom:AudioImporter_EditorPlatform: d09bf68614088b80899f8185d706f6e7 -> 
  custom:scripting/monoscript/fileName/SetupInputLayers.cs: 389979534e379616ab9ca67b9498efac -> 
  custom:video-encoder-webm-vp8: eb34c28f22e8b96e1ab97ce403110664 -> 
  custom:audio-decoder-ogg-vorbis: bf7c407c2cedff20999df2af8eb42d56 -> 
  custom:audio-encoder-webm-vorbis: bf7c407c2cedff20999df2af8eb42d56 -> 
========================================================================
Received Import Request.
  Time since last request: 14.558673 seconds.
  path: Assets/Scripts/MeleeWeaponItem.cs
  artifactKey: Guid(a570a0780d52bd746bf44fd221bc74db) Importer(815301076,1909f56bfc062723c751e8b465ee728b)
Start importing Assets/Scripts/MeleeWeaponItem.cs using Guid(a570a0780d52bd746bf44fd221bc74db) Importer(815301076,1909f56bfc062723c751e8b465ee728b)  -> (artifact id: '24a4c276e5ba438207c02805764ad756') in 0.009218 seconds
Number of updated asset objects reloaded before import = 0
Number of asset objects unloaded after import = 0
========================================================================
Received Prepare
Begin MonoManager ReloadAssembly
- Loaded All Assemblies, in  0.612 seconds
Refreshing native plugins compatible for Editor in 6.34 ms, found 3 plugins.
Native extension for WindowsStandalone target not found
Native extension for WebGL target not found
[Package Manager] Server::EnsureServerProcessIsRunning -- launch failed, reason: Unity was launched with the -noUpm command-line argument
[Package Manager] UpmClient::Send -- Unable to send message (not connected to UPM process).
[Package Manager] Cannot connect to Unity Package Manager local server
Mono: successfully reloaded assembly
- Finished resetting the current domain, in  1.249 seconds
Domain Reload Profiling: 1856ms
	BeginReloadAssembly (195ms)
		ExecutionOrderSort (0ms)
		DisableScriptedObjects (6ms)
		BackupInstance (0ms)
		ReleaseScriptingObjects (0ms)
		CreateAndSetChildDomain (44ms)
	RebuildCommonClasses (40ms)
	RebuildNativeTypeToScriptingClass (15ms)
	initialDomainReloadingComplete (41ms)
	LoadAllAssembliesAndSetupDomain (316ms)
		LoadAssemblies (383ms)
		RebuildTransferFunctionScriptingTraits (0ms)
		AnalyzeDomain (40ms)
			TypeCache.Refresh (17ms)
				TypeCache.ScanAssembly (2ms)
			ScanForSourceGeneratedMonoScriptInfo (16ms)
			ResolveRequiredComponents (5ms)
	FinalizeReload (1249ms)
		ReleaseScriptCaches (0ms)
		RebuildScriptCaches (0ms)
		SetupLoadedEditorAssemblies (621ms)
			LogAssemblyErrors (0ms)
			InitializePlatformSupportModulesInManaged (10ms)
			SetLoadedEditorAssemblies (4ms)
			RefreshPlugins (0ms)
			BeforeProcessingInitializeOnLoad (77ms)
			ProcessInitializeOnLoadAttributes (501ms)
			ProcessInitializeOnLoadMethodAttributes (16ms)
			AfterProcessingInitializeOnLoad (13ms)
			EditorAssembliesLoaded (0ms)
		ExecutionOrderSort2 (0ms)
		AwakeInstancesAfterBackupRestoration (7ms)
Refreshing native plugins compatible for Editor in 4.84 ms, found 3 plugins.
Preloading 0 native plugins for Editor in 0.00 ms.
Unloading 3534 Unused Serialized files (Serialized files now loaded: 0)
Unloading 23 unused Assets / (31.1 KB). Loaded Objects now: 4082.
Memory consumption went from 145.3 MB to 145.2 MB.
Total: 4.977600 ms (FindLiveObjects: 0.605600 ms CreateObjectMapping: 0.143800 ms MarkObjects: 4.127200 ms  DeleteObjects: 0.098500 ms)

Prepare: number of updated asset objects reloaded= 0
AssetImportParameters requested are different than current active one (requested -> active):
  custom:container-demuxer-ogg: 62fdf1f143b41e24485cea50d1cbac27 -> 
  custom:video-codec-MediaFoundation-h265: 746d11721c4dcdbdad8f713fa42b33f4 -> 
  custom:video-decoder-ogg-theora: a1e56fd34408186e4bbccfd4996cb3dc -> 
  custom:framework-win-MediaFoundation: 216162199b28c13a410421893ffa2e32 -> 
  custom:CustomObjectIndexerAttribute: 756ad292c208cfabdd7b50bc23989ffe -> 
  custom:container-demuxer-webm: 4f35f7cbe854078d1ac9338744f61a02 -> 
  custom:container-muxer-webm: aa71ff27fc2769a1b78a27578f13a17b -> 
  custom:video-decoder-webm-vp8: 9c59270c3fd7afecdb556c50c9e8de78 -> 
  custom:SearchIndexIgnoredProperties: e643bd26f0fe6173181afceb89e7c659 -> 
  custom:AudioImporter_EditorPlatform: d09bf68614088b80899f8185d706f6e7 -> 
  custom:scripting/monoscript/fileName/SetupInputLayers.cs: 389979534e379616ab9ca67b9498efac -> 
  custom:video-encoder-webm-vp8: eb34c28f22e8b96e1ab97ce403110664 -> 
  custom:audio-decoder-ogg-vorbis: bf7c407c2cedff20999df2af8eb42d56 -> 
  custom:audio-encoder-webm-vorbis: bf7c407c2cedff20999df2af8eb42d56 -> 
========================================================================
Received Prepare
Begin MonoManager ReloadAssembly
- Loaded All Assemblies, in  0.557 seconds
Refreshing native plugins compatible for Editor in 4.61 ms, found 3 plugins.
Native extension for WindowsStandalone target not found
Native extension for WebGL target not found
[Package Manager] Server::EnsureServerProcessIsRunning -- launch failed, reason: Unity was launched with the -noUpm command-line argument
[Package Manager] UpmClient::Send -- Unable to send message (not connected to UPM process).
[Package Manager] Cannot connect to Unity Package Manager local server
Mono: successfully reloaded assembly
- Finished resetting the current domain, in  1.230 seconds
Domain Reload Profiling: 1777ms
	BeginReloadAssembly (176ms)
		ExecutionOrderSort (0ms)
		DisableScriptedObjects (4ms)
		BackupInstance (0ms)
		ReleaseScriptingObjects (0ms)
		CreateAndSetChildDomain (39ms)
	RebuildCommonClasses (37ms)
	RebuildNativeTypeToScriptingClass (12ms)
	initialDomainReloadingComplete (42ms)
	LoadAllAssembliesAndSetupDomain (279ms)
		LoadAssemblies (350ms)
		RebuildTransferFunctionScriptingTraits (0ms)
		AnalyzeDomain (26ms)
			TypeCache.Refresh (9ms)
				TypeCache.ScanAssembly (1ms)
			ScanForSourceGeneratedMonoScriptInfo (11ms)
			ResolveRequiredComponents (5ms)
	FinalizeReload (1231ms)
		ReleaseScriptCaches (0ms)
		RebuildScriptCaches (0ms)
		SetupLoadedEditorAssemblies (586ms)
			LogAssemblyErrors (0ms)
			InitializePlatformSupportModulesInManaged (11ms)
			SetLoadedEditorAssemblies (4ms)
			RefreshPlugins (0ms)
			BeforeProcessingInitializeOnLoad (81ms)
			ProcessInitializeOnLoadAttributes (462ms)
			ProcessInitializeOnLoadMethodAttributes (16ms)
			AfterProcessingInitializeOnLoad (12ms)
			EditorAssembliesLoaded (0ms)
		ExecutionOrderSort2 (0ms)
		AwakeInstancesAfterBackupRestoration (6ms)
Refreshing native plugins compatible for Editor in 4.77 ms, found 3 plugins.
Preloading 0 native plugins for Editor in 0.00 ms.
Unloading 3535 Unused Serialized files (Serialized files now loaded: 0)
Unloading 23 unused Assets / (31.2 KB). Loaded Objects now: 4085.
Memory consumption went from 145.5 MB to 145.5 MB.
Total: 3.824900 ms (FindLiveObjects: 0.391200 ms CreateObjectMapping: 0.097100 ms MarkObjects: 3.268700 ms  DeleteObjects: 0.066400 ms)

Prepare: number of updated asset objects reloaded= 0
AssetImportParameters requested are different than current active one (requested -> active):
  custom:container-demuxer-ogg: 62fdf1f143b41e24485cea50d1cbac27 -> 
  custom:video-codec-MediaFoundation-h265: 746d11721c4dcdbdad8f713fa42b33f4 -> 
  custom:video-decoder-ogg-theora: a1e56fd34408186e4bbccfd4996cb3dc -> 
  custom:framework-win-MediaFoundation: 216162199b28c13a410421893ffa2e32 -> 
  custom:CustomObjectIndexerAttribute: 756ad292c208cfabdd7b50bc23989ffe -> 
  custom:container-demuxer-webm: 4f35f7cbe854078d1ac9338744f61a02 -> 
  custom:container-muxer-webm: aa71ff27fc2769a1b78a27578f13a17b -> 
  custom:video-decoder-webm-vp8: 9c59270c3fd7afecdb556c50c9e8de78 -> 
  custom:SearchIndexIgnoredProperties: e643bd26f0fe6173181afceb89e7c659 -> 
  custom:AudioImporter_EditorPlatform: d09bf68614088b80899f8185d706f6e7 -> 
  custom:scripting/monoscript/fileName/SetupInputLayers.cs: 389979534e379616ab9ca67b9498efac -> 
  custom:video-encoder-webm-vp8: eb34c28f22e8b96e1ab97ce403110664 -> 
  custom:audio-decoder-ogg-vorbis: bf7c407c2cedff20999df2af8eb42d56 -> 
  custom:audio-encoder-webm-vorbis: bf7c407c2cedff20999df2af8eb42d56 -> 
========================================================================
Received Import Request.
  Time since last request: 303.448948 seconds.
  path: Assets/Scripts/WeaponItem.cs
  artifactKey: Guid(bb6c751ed3efcad47856dd94b4abd4bd) Importer(815301076,1909f56bfc062723c751e8b465ee728b)
Start importing Assets/Scripts/WeaponItem.cs using Guid(bb6c751ed3efcad47856dd94b4abd4bd) Importer(815301076,1909f56bfc062723c751e8b465ee728b)  -> (artifact id: 'f2ae43ca743f68075bfa47d4d3a34e4b') in 0.001888 seconds
Number of updated asset objects reloaded before import = 0
Number of asset objects unloaded after import = 0
========================================================================
Received Import Request.
  Time since last request: 3.524369 seconds.
  path: Assets/Winston/Scipts
  artifactKey: Guid(a213d3d4e9449c24aa69ee21364f07a2) Importer(815301076,1909f56bfc062723c751e8b465ee728b)
Start importing Assets/Winston/Scipts using Guid(a213d3d4e9449c24aa69ee21364f07a2) Importer(815301076,1909f56bfc062723c751e8b465ee728b)  -> (artifact id: '95ec80aca7f4c6ee1826ef9204eedf96') in 0.000600 seconds
Number of updated asset objects reloaded before import = 0
Number of asset objects unloaded after import = 0
========================================================================
Received Import Request.
  Time since last request: 9.754722 seconds.
  path: Assets/Winston/Scipts/Inventory.cs
  artifactKey: Guid(d5379c86227688746a7ceda607d053aa) Importer(815301076,1909f56bfc062723c751e8b465ee728b)
Start importing Assets/Winston/Scipts/Inventory.cs using Guid(d5379c86227688746a7ceda607d053aa) Importer(815301076,1909f56bfc062723c751e8b465ee728b)  -> (artifact id: 'f8e27dd99b44a7431f6c7655d0772755') in 0.000612 seconds
Number of updated asset objects reloaded before import = 0
Number of asset objects unloaded after import = 0
========================================================================
Received Prepare
Begin MonoManager ReloadAssembly
- Loaded All Assemblies, in  0.567 seconds
Refreshing native plugins compatible for Editor in 4.23 ms, found 3 plugins.
Native extension for WindowsStandalone target not found
Native extension for WebGL target not found
[Package Manager] Server::EnsureServerProcessIsRunning -- launch failed, reason: Unity was launched with the -noUpm command-line argument
[Package Manager] UpmClient::Send -- Unable to send message (not connected to UPM process).
[Package Manager] Cannot connect to Unity Package Manager local server
Mono: successfully reloaded assembly
- Finished resetting the current domain, in  1.187 seconds
Domain Reload Profiling: 1747ms
	BeginReloadAssembly (190ms)
		ExecutionOrderSort (0ms)
		DisableScriptedObjects (5ms)
		BackupInstance (0ms)
		ReleaseScriptingObjects (0ms)
		CreateAndSetChildDomain (41ms)
	RebuildCommonClasses (38ms)
	RebuildNativeTypeToScriptingClass (14ms)
	initialDomainReloadingComplete (34ms)
	LoadAllAssembliesAndSetupDomain (285ms)
		LoadAssemblies (356ms)
		RebuildTransferFunctionScriptingTraits (0ms)
		AnalyzeDomain (32ms)
			TypeCache.Refresh (13ms)
				TypeCache.ScanAssembly (2ms)
			ScanForSourceGeneratedMonoScriptInfo (12ms)
			ResolveRequiredComponents (5ms)
	FinalizeReload (1187ms)
		ReleaseScriptCaches (0ms)
		RebuildScriptCaches (0ms)
		SetupLoadedEditorAssemblies (585ms)
			LogAssemblyErrors (0ms)
			InitializePlatformSupportModulesInManaged (12ms)
			SetLoadedEditorAssemblies (5ms)
			RefreshPlugins (0ms)
			BeforeProcessingInitializeOnLoad (75ms)
			ProcessInitializeOnLoadAttributes (466ms)
			ProcessInitializeOnLoadMethodAttributes (16ms)
			AfterProcessingInitializeOnLoad (12ms)
			EditorAssembliesLoaded (0ms)
		ExecutionOrderSort2 (0ms)
		AwakeInstancesAfterBackupRestoration (7ms)
Refreshing native plugins compatible for Editor in 5.11 ms, found 3 plugins.
Preloading 0 native plugins for Editor in 0.00 ms.
Unloading 3535 Unused Serialized files (Serialized files now loaded: 0)
Unloading 23 unused Assets / (31.2 KB). Loaded Objects now: 4089.
Memory consumption went from 145.3 MB to 145.3 MB.
Total: 4.972200 ms (FindLiveObjects: 0.395100 ms CreateObjectMapping: 0.099800 ms MarkObjects: 4.383700 ms  DeleteObjects: 0.092000 ms)

Prepare: number of updated asset objects reloaded= 0
AssetImportParameters requested are different than current active one (requested -> active):
  custom:container-demuxer-ogg: 62fdf1f143b41e24485cea50d1cbac27 -> 
  custom:video-codec-MediaFoundation-h265: 746d11721c4dcdbdad8f713fa42b33f4 -> 
  custom:video-decoder-ogg-theora: a1e56fd34408186e4bbccfd4996cb3dc -> 
  custom:framework-win-MediaFoundation: 216162199b28c13a410421893ffa2e32 -> 
  custom:CustomObjectIndexerAttribute: 756ad292c208cfabdd7b50bc23989ffe -> 
  custom:container-demuxer-webm: 4f35f7cbe854078d1ac9338744f61a02 -> 
  custom:container-muxer-webm: aa71ff27fc2769a1b78a27578f13a17b -> 
  custom:video-decoder-webm-vp8: 9c59270c3fd7afecdb556c50c9e8de78 -> 
  custom:SearchIndexIgnoredProperties: e643bd26f0fe6173181afceb89e7c659 -> 
  custom:AudioImporter_EditorPlatform: d09bf68614088b80899f8185d706f6e7 -> 
  custom:scripting/monoscript/fileName/SetupInputLayers.cs: 389979534e379616ab9ca67b9498efac -> 
  custom:video-encoder-webm-vp8: eb34c28f22e8b96e1ab97ce403110664 -> 
  custom:audio-decoder-ogg-vorbis: bf7c407c2cedff20999df2af8eb42d56 -> 
  custom:audio-encoder-webm-vorbis: bf7c407c2cedff20999df2af8eb42d56 -> 
========================================================================
Received Import Request.
  Time since last request: 142.599497 seconds.
  path: Assets/Winston/Scipts/Inventory.cs
  artifactKey: Guid(d5379c86227688746a7ceda607d053aa) Importer(815301076,1909f56bfc062723c751e8b465ee728b)
Start importing Assets/Winston/Scipts/Inventory.cs using Guid(d5379c86227688746a7ceda607d053aa) Importer(815301076,1909f56bfc062723c751e8b465ee728b)  -> (artifact id: 'e4f74022d2ad70eec55eeb0011ef8b2e') in 0.008682 seconds
Number of updated asset objects reloaded before import = 0
Number of asset objects unloaded after import = 0
========================================================================
Received Import Request.
  Time since last request: 56.682727 seconds.
  path: Assets/Winston/prefab/Winston.prefab
  artifactKey: Guid(c72269396f82e214b9e099c930c36173) Importer(815301076,1909f56bfc062723c751e8b465ee728b)
Start importing Assets/Winston/prefab/Winston.prefab using Guid(c72269396f82e214b9e099c930c36173) Importer(815301076,1909f56bfc062723c751e8b465ee728b)  -> (artifact id: '616a0c40a2b3e826a2c35f0570805a70') in 0.679970 seconds
Number of updated asset objects reloaded before import = 0
Number of asset objects unloaded after import = 401
========================================================================
Received Import Request.
  Time since last request: 74.120807 seconds.
  path: Assets/Gold.asset
  artifactKey: Guid(65972c998e7c9834fb87abf942d29327) Importer(815301076,1909f56bfc062723c751e8b465ee728b)
Start importing Assets/Gold.asset using Guid(65972c998e7c9834fb87abf942d29327) Importer(815301076,1909f56bfc062723c751e8b465ee728b)  -> (artifact id: 'ce121841f396aef5dac2b4663715f87f') in 0.002298 seconds
Number of updated asset objects reloaded before import = 0
Number of asset objects unloaded after import = 1
========================================================================
Received Import Request.
  Time since last request: 0.010495 seconds.
  path: Assets/menu_bg_start 1.jpg
  artifactKey: Guid(9198ae68de25d65498ee9fb882a8b568) Importer(815301076,1909f56bfc062723c751e8b465ee728b)
Start importing Assets/menu_bg_start 1.jpg using Guid(9198ae68de25d65498ee9fb882a8b568) Importer(815301076,1909f56bfc062723c751e8b465ee728b)  -> (artifact id: 'db179dba0489c4326e63af3bea04791c') in 0.055676 seconds
Number of updated asset objects reloaded before import = 0
Number of asset objects unloaded after import = 3
========================================================================
Received Prepare
Begin MonoManager ReloadAssembly
- Loaded All Assemblies, in  0.736 seconds
Refreshing native plugins compatible for Editor in 5.03 ms, found 3 plugins.
Native extension for WindowsStandalone target not found
Native extension for WebGL target not found
[Package Manager] Server::EnsureServerProcessIsRunning -- launch failed, reason: Unity was launched with the -noUpm command-line argument
[Package Manager] UpmClient::Send -- Unable to send message (not connected to UPM process).
[Package Manager] Cannot connect to Unity Package Manager local server
Mono: successfully reloaded assembly
- Finished resetting the current domain, in  1.300 seconds
Domain Reload Profiling: 2027ms
	BeginReloadAssembly (200ms)
		ExecutionOrderSort (0ms)
		DisableScriptedObjects (6ms)
		BackupInstance (0ms)
		ReleaseScriptingObjects (0ms)
		CreateAndSetChildDomain (51ms)
	RebuildCommonClasses (42ms)
	RebuildNativeTypeToScriptingClass (15ms)
	initialDomainReloadingComplete (55ms)
	LoadAllAssembliesAndSetupDomain (415ms)
		LoadAssemblies (488ms)
		RebuildTransferFunctionScriptingTraits (0ms)
		AnalyzeDomain (33ms)
			TypeCache.Refresh (9ms)
				TypeCache.ScanAssembly (1ms)
			ScanForSourceGeneratedMonoScriptInfo (16ms)
			ResolveRequiredComponents (5ms)
	FinalizeReload (1301ms)
		ReleaseScriptCaches (0ms)
		RebuildScriptCaches (0ms)
		SetupLoadedEditorAssemblies (632ms)
			LogAssemblyErrors (0ms)
			InitializePlatformSupportModulesInManaged (11ms)
			SetLoadedEditorAssemblies (5ms)
			RefreshPlugins (0ms)
			BeforeProcessingInitializeOnLoad (78ms)
			ProcessInitializeOnLoadAttributes (508ms)
			ProcessInitializeOnLoadMethodAttributes (17ms)
			AfterProcessingInitializeOnLoad (13ms)
			EditorAssembliesLoaded (0ms)
		ExecutionOrderSort2 (0ms)
		AwakeInstancesAfterBackupRestoration (6ms)
Refreshing native plugins compatible for Editor in 5.66 ms, found 3 plugins.
Preloading 0 native plugins for Editor in 0.00 ms.
Unloading 3534 Unused Serialized files (Serialized files now loaded: 0)
Unloading 24 unused Assets / (31.6 KB). Loaded Objects now: 4093.
Memory consumption went from 145.3 MB to 145.2 MB.
Total: 3.333400 ms (FindLiveObjects: 0.344000 ms CreateObjectMapping: 0.086400 ms MarkObjects: 2.838800 ms  DeleteObjects: 0.063400 ms)

Prepare: number of updated asset objects reloaded= 0
AssetImportParameters requested are different than current active one (requested -> active):
  custom:container-demuxer-ogg: 62fdf1f143b41e24485cea50d1cbac27 -> 
  custom:video-codec-MediaFoundation-h265: 746d11721c4dcdbdad8f713fa42b33f4 -> 
  custom:video-decoder-ogg-theora: a1e56fd34408186e4bbccfd4996cb3dc -> 
  custom:framework-win-MediaFoundation: 216162199b28c13a410421893ffa2e32 -> 
  custom:CustomObjectIndexerAttribute: 756ad292c208cfabdd7b50bc23989ffe -> 
  custom:container-demuxer-webm: 4f35f7cbe854078d1ac9338744f61a02 -> 
  custom:container-muxer-webm: aa71ff27fc2769a1b78a27578f13a17b -> 
  custom:video-decoder-webm-vp8: 9c59270c3fd7afecdb556c50c9e8de78 -> 
  custom:SearchIndexIgnoredProperties: e643bd26f0fe6173181afceb89e7c659 -> 
  custom:AudioImporter_EditorPlatform: d09bf68614088b80899f8185d706f6e7 -> 
  custom:scripting/monoscript/fileName/SetupInputLayers.cs: 389979534e379616ab9ca67b9498efac -> 
  custom:video-encoder-webm-vp8: eb34c28f22e8b96e1ab97ce403110664 -> 
  custom:audio-decoder-ogg-vorbis: bf7c407c2cedff20999df2af8eb42d56 -> 
  custom:audio-encoder-webm-vorbis: bf7c407c2cedff20999df2af8eb42d56 -> 
========================================================================
Received Prepare
Begin MonoManager ReloadAssembly
- Loaded All Assemblies, in  0.564 seconds
Refreshing native plugins compatible for Editor in 4.36 ms, found 3 plugins.
Native extension for WindowsStandalone target not found
Native extension for WebGL target not found
[Package Manager] Server::EnsureServerProcessIsRunning -- launch failed, reason: Unity was launched with the -noUpm command-line argument
[Package Manager] UpmClient::Send -- Unable to send message (not connected to UPM process).
[Package Manager] Cannot connect to Unity Package Manager local server
Mono: successfully reloaded assembly
- Finished resetting the current domain, in  1.241 seconds
Domain Reload Profiling: 1800ms
	BeginReloadAssembly (179ms)
		ExecutionOrderSort (0ms)
		DisableScriptedObjects (5ms)
		BackupInstance (0ms)
		ReleaseScriptingObjects (0ms)
		CreateAndSetChildDomain (40ms)
	RebuildCommonClasses (36ms)
	RebuildNativeTypeToScriptingClass (12ms)
	initialDomainReloadingComplete (37ms)
	LoadAllAssembliesAndSetupDomain (294ms)
		LoadAssemblies (363ms)
		RebuildTransferFunctionScriptingTraits (0ms)
		AnalyzeDomain (28ms)
			TypeCache.Refresh (10ms)
				TypeCache.ScanAssembly (1ms)
			ScanForSourceGeneratedMonoScriptInfo (12ms)
			ResolveRequiredComponents (5ms)
	FinalizeReload (1242ms)
		ReleaseScriptCaches (0ms)
		RebuildScriptCaches (0ms)
		SetupLoadedEditorAssemblies (628ms)
			LogAssemblyErrors (0ms)
			InitializePlatformSupportModulesInManaged (9ms)
			SetLoadedEditorAssemblies (5ms)
			RefreshPlugins (0ms)
			BeforeProcessingInitializeOnLoad (81ms)
			ProcessInitializeOnLoadAttributes (502ms)
			ProcessInitializeOnLoadMethodAttributes (16ms)
			AfterProcessingInitializeOnLoad (16ms)
			EditorAssembliesLoaded (0ms)
		ExecutionOrderSort2 (0ms)
		AwakeInstancesAfterBackupRestoration (6ms)
Refreshing native plugins compatible for Editor in 6.09 ms, found 3 plugins.
Preloading 0 native plugins for Editor in 0.00 ms.
Unloading 3537 Unused Serialized files (Serialized files now loaded: 0)
Unloading 23 unused Assets / (31.0 KB). Loaded Objects now: 4098.
Memory consumption went from 145.6 MB to 145.5 MB.
Total: 4.175700 ms (FindLiveObjects: 0.385600 ms CreateObjectMapping: 0.089700 ms MarkObjects: 3.627000 ms  DeleteObjects: 0.072000 ms)

Prepare: number of updated asset objects reloaded= 0
AssetImportParameters requested are different than current active one (requested -> active):
  custom:container-demuxer-ogg: 62fdf1f143b41e24485cea50d1cbac27 -> 
  custom:video-codec-MediaFoundation-h265: 746d11721c4dcdbdad8f713fa42b33f4 -> 
  custom:video-decoder-ogg-theora: a1e56fd34408186e4bbccfd4996cb3dc -> 
  custom:framework-win-MediaFoundation: 216162199b28c13a410421893ffa2e32 -> 
  custom:CustomObjectIndexerAttribute: 756ad292c208cfabdd7b50bc23989ffe -> 
  custom:container-demuxer-webm: 4f35f7cbe854078d1ac9338744f61a02 -> 
  custom:container-muxer-webm: aa71ff27fc2769a1b78a27578f13a17b -> 
  custom:video-decoder-webm-vp8: 9c59270c3fd7afecdb556c50c9e8de78 -> 
  custom:SearchIndexIgnoredProperties: e643bd26f0fe6173181afceb89e7c659 -> 
  custom:AudioImporter_EditorPlatform: d09bf68614088b80899f8185d706f6e7 -> 
  custom:scripting/monoscript/fileName/SetupInputLayers.cs: 389979534e379616ab9ca67b9498efac -> 
  custom:video-encoder-webm-vp8: eb34c28f22e8b96e1ab97ce403110664 -> 
  custom:audio-decoder-ogg-vorbis: bf7c407c2cedff20999df2af8eb42d56 -> 
  custom:audio-encoder-webm-vorbis: bf7c407c2cedff20999df2af8eb42d56 -> 
========================================================================
Received Prepare
Begin MonoManager ReloadAssembly
- Loaded All Assemblies, in  0.570 seconds
Refreshing native plugins compatible for Editor in 4.36 ms, found 3 plugins.
Native extension for WindowsStandalone target not found
Native extension for WebGL target not found
[Package Manager] Server::EnsureServerProcessIsRunning -- launch failed, reason: Unity was launched with the -noUpm command-line argument
[Package Manager] UpmClient::Send -- Unable to send message (not connected to UPM process).
[Package Manager] Cannot connect to Unity Package Manager local server
Mono: successfully reloaded assembly
- Finished resetting the current domain, in  1.307 seconds
Domain Reload Profiling: 1872ms
	BeginReloadAssembly (198ms)
		ExecutionOrderSort (0ms)
		DisableScriptedObjects (7ms)
		BackupInstance (0ms)
		ReleaseScriptingObjects (0ms)
		CreateAndSetChildDomain (45ms)
	RebuildCommonClasses (43ms)
	RebuildNativeTypeToScriptingClass (11ms)
	initialDomainReloadingComplete (38ms)
	LoadAllAssembliesAndSetupDomain (274ms)
		LoadAssemblies (363ms)
		RebuildTransferFunctionScriptingTraits (0ms)
		AnalyzeDomain (13ms)
			TypeCache.Refresh (6ms)
				TypeCache.ScanAssembly (0ms)
			ScanForSourceGeneratedMonoScriptInfo (0ms)
			ResolveRequiredComponents (5ms)
	FinalizeReload (1308ms)
		ReleaseScriptCaches (0ms)
		RebuildScriptCaches (0ms)
		SetupLoadedEditorAssemblies (695ms)
			LogAssemblyErrors (0ms)
			InitializePlatformSupportModulesInManaged (10ms)
			SetLoadedEditorAssemblies (4ms)
			RefreshPlugins (0ms)
			BeforeProcessingInitializeOnLoad (76ms)
			ProcessInitializeOnLoadAttributes (566ms)
			ProcessInitializeOnLoadMethodAttributes (21ms)
			AfterProcessingInitializeOnLoad (18ms)
			EditorAssembliesLoaded (0ms)
		ExecutionOrderSort2 (0ms)
		AwakeInstancesAfterBackupRestoration (7ms)
Refreshing native plugins compatible for Editor in 5.58 ms, found 3 plugins.
Preloading 0 native plugins for Editor in 0.00 ms.
Unloading 3537 Unused Serialized files (Serialized files now loaded: 0)
Unloading 23 unused Assets / (31.1 KB). Loaded Objects now: 4101.
Memory consumption went from 145.6 MB to 145.5 MB.
Total: 4.284700 ms (FindLiveObjects: 0.388600 ms CreateObjectMapping: 0.098700 ms MarkObjects: 3.731200 ms  DeleteObjects: 0.064900 ms)

Prepare: number of updated asset objects reloaded= 0
AssetImportParameters requested are different than current active one (requested -> active):
  custom:container-demuxer-ogg: 62fdf1f143b41e24485cea50d1cbac27 -> 
  custom:video-codec-MediaFoundation-h265: 746d11721c4dcdbdad8f713fa42b33f4 -> 
  custom:video-decoder-ogg-theora: a1e56fd34408186e4bbccfd4996cb3dc -> 
  custom:framework-win-MediaFoundation: 216162199b28c13a410421893ffa2e32 -> 
  custom:CustomObjectIndexerAttribute: 756ad292c208cfabdd7b50bc23989ffe -> 
  custom:container-demuxer-webm: 4f35f7cbe854078d1ac9338744f61a02 -> 
  custom:container-muxer-webm: aa71ff27fc2769a1b78a27578f13a17b -> 
  custom:video-decoder-webm-vp8: 9c59270c3fd7afecdb556c50c9e8de78 -> 
  custom:SearchIndexIgnoredProperties: e643bd26f0fe6173181afceb89e7c659 -> 
  custom:AudioImporter_EditorPlatform: d09bf68614088b80899f8185d706f6e7 -> 
  custom:scripting/monoscript/fileName/SetupInputLayers.cs: 389979534e379616ab9ca67b9498efac -> 
  custom:video-encoder-webm-vp8: eb34c28f22e8b96e1ab97ce403110664 -> 
  custom:audio-decoder-ogg-vorbis: bf7c407c2cedff20999df2af8eb42d56 -> 
  custom:audio-encoder-webm-vorbis: bf7c407c2cedff20999df2af8eb42d56 -> 
========================================================================
Received Import Request.
  Time since last request: 714.484648 seconds.
  path: Assets/Winston/Meshes/Winston.fbx
  artifactKey: Guid(8bf4ca6f6f02d554e9cbb663d10ef7a4) Importer(815301076,1909f56bfc062723c751e8b465ee728b)
Start importing Assets/Winston/Meshes/Winston.fbx using Guid(8bf4ca6f6f02d554e9cbb663d10ef7a4) Importer(815301076,1909f56bfc062723c751e8b465ee728b)  -> (artifact id: '8e37e0aa51d7909052b3b6fa467956e9') in 0.396709 seconds
Number of updated asset objects reloaded before import = 0
Number of asset objects unloaded after import = 399
========================================================================
Received Import Request.
  Time since last request: 55.061355 seconds.
  path: Assets/Winston/prefab/Winston.prefab
  artifactKey: Guid(c72269396f82e214b9e099c930c36173) Importer(815301076,1909f56bfc062723c751e8b465ee728b)
Start importing Assets/Winston/prefab/Winston.prefab using Guid(c72269396f82e214b9e099c930c36173) Importer(815301076,1909f56bfc062723c751e8b465ee728b)  -> (artifact id: 'ffda2e0e94022e0420727fdae110bec2') in 0.087899 seconds
Number of updated asset objects reloaded before import = 0
Number of asset objects unloaded after import = 401
========================================================================
Received Import Request.
  Time since last request: 80.656452 seconds.
  path: Assets/Winston/Document
  artifactKey: Guid(47a6bc71710777d41a247a9958fc5736) Importer(815301076,1909f56bfc062723c751e8b465ee728b)
Start importing Assets/Winston/Document using Guid(47a6bc71710777d41a247a9958fc5736) Importer(815301076,1909f56bfc062723c751e8b465ee728b)  -> (artifact id: '488a51bfe278b420a13d41d9788bac2e') in 0.001185 seconds
Number of updated asset objects reloaded before import = 0
Number of asset objects unloaded after import = 0
========================================================================
Received Import Request.
  Time since last request: 0.494623 seconds.
  path: Assets/Winston/Materials
  artifactKey: Guid(e2e508385a831cc40a803c34442e53ba) Importer(815301076,1909f56bfc062723c751e8b465ee728b)
Start importing Assets/Winston/Materials using Guid(e2e508385a831cc40a803c34442e53ba) Importer(815301076,1909f56bfc062723c751e8b465ee728b)  -> (artifact id: '25a36eafaf3f3befc87bf082e49c5404') in 0.000645 seconds
Number of updated asset objects reloaded before import = 0
Number of asset objects unloaded after import = 0
========================================================================
Received Import Request.
  Time since last request: 0.584390 seconds.
  path: Assets/Winston/Meshes
  artifactKey: Guid(fba36295966a5654d9466c6a3781aadb) Importer(815301076,1909f56bfc062723c751e8b465ee728b)
Start importing Assets/Winston/Meshes using Guid(fba36295966a5654d9466c6a3781aadb) Importer(815301076,1909f56bfc062723c751e8b465ee728b)  -> (artifact id: '2a7faa958adf3c5ab5b035d5aeceb6de') in 0.000607 seconds
Number of updated asset objects reloaded before import = 0
Number of asset objects unloaded after import = 0
========================================================================
Received Import Request.
  Time since last request: 0.408166 seconds.
  path: Assets/Winston/prefab
  artifactKey: Guid(5998acb7346c05d44a6e42cff2881a6e) Importer(815301076,1909f56bfc062723c751e8b465ee728b)
Start importing Assets/Winston/prefab using Guid(5998acb7346c05d44a6e42cff2881a6e) Importer(815301076,1909f56bfc062723c751e8b465ee728b)  -> (artifact id: '53bd9ac350fc6fcc9e8caedfa4f2d425') in 0.000670 seconds
Number of updated asset objects reloaded before import = 0
Number of asset objects unloaded after import = 0
========================================================================
Received Import Request.
  Time since last request: 5.834855 seconds.
  path: Assets/Fighter Pack Bundle FREE/Berserker Fighter Mecanim Animation Pack FREE
  artifactKey: Guid(857bc758db5ad294ea5d623bd2031d0e) Importer(815301076,1909f56bfc062723c751e8b465ee728b)
Start importing Assets/Fighter Pack Bundle FREE/Berserker Fighter Mecanim Animation Pack FREE using Guid(857bc758db5ad294ea5d623bd2031d0e) Importer(815301076,1909f56bfc062723c751e8b465ee728b)  -> (artifact id: '624ce65406699d7a2c2c1cdb57b7f908') in 0.000673 seconds
Number of updated asset objects reloaded before import = 0
Number of asset objects unloaded after import = 0
========================================================================
Received Import Request.
  Time since last request: 0.872429 seconds.
  path: Assets/Fighter Pack Bundle FREE/Berserker Fighter Mecanim Animation Pack FREE/Animations
  artifactKey: Guid(afb5bde251787a4418dcdef3d5b179cc) Importer(815301076,1909f56bfc062723c751e8b465ee728b)
Start importing Assets/Fighter Pack Bundle FREE/Berserker Fighter Mecanim Animation Pack FREE/Animations using Guid(afb5bde251787a4418dcdef3d5b179cc) Importer(815301076,1909f56bfc062723c751e8b465ee728b)  -> (artifact id: '25a3ac4918b39b35ddf43546817ef982') in 0.000700 seconds
Number of updated asset objects reloaded before import = 0
Number of asset objects unloaded after import = 0
========================================================================
Received Import Request.
  Time since last request: 0.086008 seconds.
  path: Assets/Fighter Pack Bundle FREE/Berserker Fighter Mecanim Animation Pack FREE/Animations/Berserker@Idle.FBX
  artifactKey: Guid(cd6b8800735c1234fa390689961beb00) Importer(815301076,1909f56bfc062723c751e8b465ee728b)
Start importing Assets/Fighter Pack Bundle FREE/Berserker Fighter Mecanim Animation Pack FREE/Animations/Berserker@Idle.FBX using Guid(cd6b8800735c1234fa390689961beb00) Importer(815301076,1909f56bfc062723c751e8b465ee728b)  -> (artifact id: '49cd93d04e73c421825e81a7a8df2719') in 0.006843 seconds
Number of updated asset objects reloaded before import = 0
Number of asset objects unloaded after import = 113
========================================================================
Received Import Request.
  Time since last request: 0.002985 seconds.
  path: Assets/Fighter Pack Bundle FREE/Berserker Fighter Mecanim Animation Pack FREE/Animations/Berserker@WalkBackward.FBX
  artifactKey: Guid(23e3d559b1762c245982219913be8dbc) Importer(815301076,1909f56bfc062723c751e8b465ee728b)
Start importing Assets/Fighter Pack Bundle FREE/Berserker Fighter Mecanim Animation Pack FREE/Animations/Berserker@WalkBackward.FBX using Guid(23e3d559b1762c245982219913be8dbc) Importer(815301076,1909f56bfc062723c751e8b465ee728b)  -> (artifact id: '05f1e9cdaf75f4245dd145a1e16dc61b') in 0.005879 seconds
Number of updated asset objects reloaded before import = 0
Number of asset objects unloaded after import = 113
========================================================================
Received Import Request.
  Time since last request: 0.000012 seconds.
  path: Assets/Fighter Pack Bundle FREE/Berserker Fighter Mecanim Animation Pack FREE/Animations/Berserker@WalkForward.FBX
  artifactKey: Guid(b1afb1a8906792749986c8e7514a1796) Importer(815301076,1909f56bfc062723c751e8b465ee728b)
Start importing Assets/Fighter Pack Bundle FREE/Berserker Fighter Mecanim Animation Pack FREE/Animations/Berserker@WalkForward.FBX using Guid(b1afb1a8906792749986c8e7514a1796) Importer(815301076,1909f56bfc062723c751e8b465ee728b)  -> (artifact id: 'b77f3b4a39626817d818e4ab0b4401d6') in 0.005857 seconds
Number of updated asset objects reloaded before import = 0
Number of asset objects unloaded after import = 113
========================================================================
Received Import Request.
  Time since last request: 15.303828 seconds.
  path: Assets/Kevin Iglesias/Basic Motions/Animations/Movement/BasicMotions@Fall01.fbx
  artifactKey: Guid(56b6c6749a263e843b2908fe4580acc1) Importer(815301076,1909f56bfc062723c751e8b465ee728b)
Start importing Assets/Kevin Iglesias/Basic Motions/Animations/Movement/BasicMotions@Fall01.fbx using Guid(56b6c6749a263e843b2908fe4580acc1) Importer(815301076,1909f56bfc062723c751e8b465ee728b)  -> (artifact id: '5dad84eb699e7f109a2b68d282606137') in 0.006433 seconds
Number of updated asset objects reloaded before import = 0
Number of asset objects unloaded after import = 131
========================================================================
Received Import Request.
  Time since last request: 0.005436 seconds.
  path: Assets/Kevin Iglesias/Basic Motions/Animations/Idles/BasicMotions@Idle02.fbx
  artifactKey: Guid(69d59c13a83a7c74a8cc0607ded391ec) Importer(815301076,1909f56bfc062723c751e8b465ee728b)
Start importing Assets/Kevin Iglesias/Basic Motions/Animations/Idles/BasicMotions@Idle02.fbx using Guid(69d59c13a83a7c74a8cc0607ded391ec) Importer(815301076,1909f56bfc062723c751e8b465ee728b)  -> (artifact id: '9050525dff913ccde8dab75a71faa552') in 0.008419 seconds
Number of updated asset objects reloaded before import = 0
Number of asset objects unloaded after import = 132
========================================================================
Received Import Request.
  Time since last request: 0.004810 seconds.
  path: Assets/Kevin Iglesias/Basic Motions/Animations/Movement/BasicMotions@Run01.fbx
  artifactKey: Guid(154a724602422044c91070a5f3c67c11) Importer(815301076,1909f56bfc062723c751e8b465ee728b)
Start importing Assets/Kevin Iglesias/Basic Motions/Animations/Movement/BasicMotions@Run01.fbx using Guid(154a724602422044c91070a5f3c67c11) Importer(815301076,1909f56bfc062723c751e8b465ee728b)  -> (artifact id: '764a4d4c8a3e251036a89dad2b62627b') in 0.010965 seconds
Number of updated asset objects reloaded before import = 0
Number of asset objects unloaded after import = 138
========================================================================
Received Import Request.
  Time since last request: 0.002227 seconds.
  path: Assets/Kevin Iglesias/Basic Motions/Animations/Movement/BasicMotions@Strafe01.fbx
  artifactKey: Guid(965e8fa8f0644d741bc9baca0a3954fe) Importer(815301076,1909f56bfc062723c751e8b465ee728b)
Start importing Assets/Kevin Iglesias/Basic Motions/Animations/Movement/BasicMotions@Strafe01.fbx using Guid(965e8fa8f0644d741bc9baca0a3954fe) Importer(815301076,1909f56bfc062723c751e8b465ee728b)  -> (artifact id: 'd29698bf978df2b7d308c68de0cb0064') in 0.008897 seconds
Number of updated asset objects reloaded before import = 0
Number of asset objects unloaded after import = 132
========================================================================
Received Import Request.
  Time since last request: 0.004824 seconds.
  path: Assets/Kevin Iglesias/Basic Motions/Animations/Movement/BasicMotions@Walk01.fbx
  artifactKey: Guid(bd1c2e9064da28e4fb0fe4a3f6ff4e33) Importer(815301076,1909f56bfc062723c751e8b465ee728b)
Start importing Assets/Kevin Iglesias/Basic Motions/Animations/Movement/BasicMotions@Walk01.fbx using Guid(bd1c2e9064da28e4fb0fe4a3f6ff4e33) Importer(815301076,1909f56bfc062723c751e8b465ee728b)  -> (artifact id: '5c3a644037886630db6b7882cede56c2') in 0.010847 seconds
Number of updated asset objects reloaded before import = 0
Number of asset objects unloaded after import = 138
========================================================================
Received Import Request.
  Time since last request: 0.001785 seconds.
  path: Assets/Kevin Iglesias/Basic Motions/Models/BasicMotionsDummyModel.fbx
  artifactKey: Guid(5917c0e93d180a842b61d1ebc62a195c) Importer(815301076,1909f56bfc062723c751e8b465ee728b)
Start importing Assets/Kevin Iglesias/Basic Motions/Models/BasicMotionsDummyModel.fbx using Guid(5917c0e93d180a842b61d1ebc62a195c) Importer(815301076,1909f56bfc062723c751e8b465ee728b)  -> (artifact id: '27c4a4602aed0deb192349885fad8ac9') in 0.033765 seconds
Number of updated asset objects reloaded before import = 0
Number of asset objects unloaded after import = 136
========================================================================
Received Import Request.
  Time since last request: 0.000038 seconds.
  path: Assets/Fighter Pack Bundle FREE/Berserker Fighter Mecanim Animation Pack FREE/Prefabs/Berserker.prefab
  artifactKey: Guid(fbf89d03afc7fb848af45a6cf9c83d98) Importer(815301076,1909f56bfc062723c751e8b465ee728b)
Start importing Assets/Fighter Pack Bundle FREE/Berserker Fighter Mecanim Animation Pack FREE/Prefabs/Berserker.prefab using Guid(fbf89d03afc7fb848af45a6cf9c83d98) Importer(815301076,1909f56bfc062723c751e8b465ee728b)  -> (artifact id: '41c3b8e180a8eb1d1896b9f3ca7d22f7') in 0.040410 seconds
Number of updated asset objects reloaded before import = 0
Number of asset objects unloaded after import = 137
========================================================================
Received Import Request.
  Time since last request: 0.000026 seconds.
  path: Assets/YughuesFreeBushes2018/Meshes/Bush02.FBX
  artifactKey: Guid(41212a0a5585e0243b25926856a1c30c) Importer(815301076,1909f56bfc062723c751e8b465ee728b)
Start importing Assets/YughuesFreeBushes2018/Meshes/Bush02.FBX using Guid(41212a0a5585e0243b25926856a1c30c) Importer(815301076,1909f56bfc062723c751e8b465ee728b)  -> (artifact id: '2ce4dbc29f4b51be741b71f19565cb5e') in 0.063030 seconds
Number of updated asset objects reloaded before import = 0
Number of asset objects unloaded after import = 25
========================================================================
Received Import Request.
  Time since last request: 0.000033 seconds.
  path: Assets/Necromanser/Animations/Necromancer@atack2.fbx
  artifactKey: Guid(08b5603e72d4a54418a5cb9d801ba17b) Importer(815301076,1909f56bfc062723c751e8b465ee728b)
Start importing Assets/Necromanser/Animations/Necromancer@atack2.fbx using Guid(08b5603e72d4a54418a5cb9d801ba17b) Importer(815301076,1909f56bfc062723c751e8b465ee728b)  -> (artifact id: 'eba12267751cb5926878a4c818db316d') in 0.644234 seconds
Number of updated asset objects reloaded before import = 0
Number of asset objects unloaded after import = 1157
========================================================================
Received Import Request.
  Time since last request: 0.000029 seconds.
  path: Assets/YughuesFreeBushes2018/Prefabs/P_Bush05.prefab
  artifactKey: Guid(431e05c5e2b18ba4fa6b3b0a6f687786) Importer(815301076,1909f56bfc062723c751e8b465ee728b)
Start importing Assets/YughuesFreeBushes2018/Prefabs/P_Bush05.prefab using Guid(431e05c5e2b18ba4fa6b3b0a6f687786) Importer(815301076,1909f56bfc062723c751e8b465ee728b)  -> (artifact id: '1df043716b919bf5422bca3223462cd2') in 0.034732 seconds
Number of updated asset objects reloaded before import = 0
Number of asset objects unloaded after import = 34
========================================================================
Received Import Request.
  Time since last request: 0.000039 seconds.
  path: Assets/TextMesh Pro/Examples & Extras/Prefabs/Text Popup.prefab
  artifactKey: Guid(b06f0e6c1dfa4356ac918da1bb32c603) Importer(815301076,1909f56bfc062723c751e8b465ee728b)
Start importing Assets/TextMesh Pro/Examples & Extras/Prefabs/Text Popup.prefab using Guid(b06f0e6c1dfa4356ac918da1bb32c603) Importer(815301076,1909f56bfc062723c751e8b465ee728b)  -> (artifact id: '6dfd649e94d0b74201469f8750b608c6') in 0.049434 seconds
Number of updated asset objects reloaded before import = 0
Number of asset objects unloaded after import = 21
========================================================================
Received Import Request.
  Time since last request: 0.000017 seconds.
  path: Assets/YughuesFreeBushes2018/Meshes/Bush01.FBX
  artifactKey: Guid(c93a5fb30f5956343a31433f79f362af) Importer(815301076,1909f56bfc062723c751e8b465ee728b)
Start importing Assets/YughuesFreeBushes2018/Meshes/Bush01.FBX using Guid(c93a5fb30f5956343a31433f79f362af) Importer(815301076,1909f56bfc062723c751e8b465ee728b)  -> (artifact id: 'aa5dce0d4d4cd69861d1cb0b4e77bcf8') in 0.067481 seconds
Number of updated asset objects reloaded before import = 0
Number of asset objects unloaded after import = 25
========================================================================
Received Import Request.
  Time since last request: 0.000021 seconds.
  path: Assets/Necromanser/Animations/Necromancer@spellcast1.fbx
  artifactKey: Guid(e4bf6963e003ebc43bcf18405cfbedd2) Importer(815301076,1909f56bfc062723c751e8b465ee728b)
Start importing Assets/Necromanser/Animations/Necromancer@spellcast1.fbx using Guid(e4bf6963e003ebc43bcf18405cfbedd2) Importer(815301076,1909f56bfc062723c751e8b465ee728b)  -> (artifact id: 'ce014a9d842686a94720e43667073f86') in 0.663589 seconds
Number of updated asset objects reloaded before import = 0
Number of asset objects unloaded after import = 1157
========================================================================
Received Import Request.
  Time since last request: 0.000026 seconds.
  path: Assets/TextMesh Pro/Examples & Extras/Prefabs/TextMeshPro - Prefab 1.prefab
  artifactKey: Guid(a6e39ced0ea046bcb636c3f0b2e2a745) Importer(815301076,1909f56bfc062723c751e8b465ee728b)
Start importing Assets/TextMesh Pro/Examples & Extras/Prefabs/TextMeshPro - Prefab 1.prefab using Guid(a6e39ced0ea046bcb636c3f0b2e2a745) Importer(815301076,1909f56bfc062723c751e8b465ee728b)  -> (artifact id: '22a96c5c15fc3e578e1a05a2e19677df') in 0.024962 seconds
Number of updated asset objects reloaded before import = 0
Number of asset objects unloaded after import = 16
========================================================================
Received Import Request.
  Time since last request: 0.000026 seconds.
  path: Assets/VillagePack/OldHouse/OldHouse.fbx
  artifactKey: Guid(c70032afc7e2f214c8b20d1e445fb365) Importer(815301076,1909f56bfc062723c751e8b465ee728b)
Start importing Assets/VillagePack/OldHouse/OldHouse.fbx using Guid(c70032afc7e2f214c8b20d1e445fb365) Importer(815301076,1909f56bfc062723c751e8b465ee728b)  -> (artifact id: '445f53e61b08d039adae419de1ea93fc') in 0.186078 seconds
Number of updated asset objects reloaded before import = 0
Number of asset objects unloaded after import = 136
========================================================================
Received Import Request.
  Time since last request: 0.000022 seconds.
  path: Assets/Fighter Pack Bundle FREE/Heavy Fighter Mecanim Animation Pack FREE/Characters/Heavy.FBX
  artifactKey: Guid(8232c9b8b57970e439a8c6d10fc534d5) Importer(815301076,1909f56bfc062723c751e8b465ee728b)
Start importing Assets/Fighter Pack Bundle FREE/Heavy Fighter Mecanim Animation Pack FREE/Characters/Heavy.FBX using Guid(8232c9b8b57970e439a8c6d10fc534d5) Importer(815301076,1909f56bfc062723c751e8b465ee728b)  -> (artifact id: 'c53688038dee13c4db5d8e079a968199') in 0.034328 seconds
Number of updated asset objects reloaded before import = 0
Number of asset objects unloaded after import = 120
========================================================================
Received Import Request.
  Time since last request: 0.000020 seconds.
  path: Assets/VillagePack/Fence/FencePrefab.prefab
  artifactKey: Guid(2394d7d557201f048b00c84246231eb0) Importer(815301076,1909f56bfc062723c751e8b465ee728b)
Start importing Assets/VillagePack/Fence/FencePrefab.prefab using Guid(2394d7d557201f048b00c84246231eb0) Importer(815301076,1909f56bfc062723c751e8b465ee728b)  -> (artifact id: '82e0ec1cc2b69ca7ad181138d67e8c99') in 0.023885 seconds
Number of updated asset objects reloaded before import = 0
Number of asset objects unloaded after import = 37
========================================================================
Received Import Request.
  Time since last request: 0.000032 seconds.
  path: Assets/Fighter Pack Bundle FREE/Camera/Camera.prefab
  artifactKey: Guid(16dc4b51d7b30f74a9fd33417596daa7) Importer(815301076,1909f56bfc062723c751e8b465ee728b)
Start importing Assets/Fighter Pack Bundle FREE/Camera/Camera.prefab using Guid(16dc4b51d7b30f74a9fd33417596daa7) Importer(815301076,1909f56bfc062723c751e8b465ee728b)  -> (artifact id: '9b5d7c74904dd7e3e57fe7de92b4e77d') in 0.037055 seconds
Number of updated asset objects reloaded before import = 0
Number of asset objects unloaded after import = 27
========================================================================
Received Import Request.
  Time since last request: 0.000015 seconds.
  path: Assets/YughuesFreeBushes2018/Prefabs/P_Bush02.prefab
  artifactKey: Guid(0cc0db2b14252644da9f1f74ed0c8f90) Importer(815301076,1909f56bfc062723c751e8b465ee728b)
Start importing Assets/YughuesFreeBushes2018/Prefabs/P_Bush02.prefab using Guid(0cc0db2b14252644da9f1f74ed0c8f90) Importer(815301076,1909f56bfc062723c751e8b465ee728b)  -> (artifact id: 'd8d529d2ee8b189314ec1306940938a3') in 0.065291 seconds
Number of updated asset objects reloaded before import = 0
Number of asset objects unloaded after import = 34
========================================================================
Received Import Request.
  Time since last request: 0.000017 seconds.
  path: Assets/Fighter Pack Bundle FREE/Berserker Fighter Mecanim Animation Pack FREE/Characters/Berserker.FBX
  artifactKey: Guid(df7ef05fa87d48248ba181823b336391) Importer(815301076,1909f56bfc062723c751e8b465ee728b)
Start importing Assets/Fighter Pack Bundle FREE/Berserker Fighter Mecanim Animation Pack FREE/Characters/Berserker.FBX using Guid(df7ef05fa87d48248ba181823b336391) Importer(815301076,1909f56bfc062723c751e8b465ee728b)  -> (artifact id: 'a8327660611effbdab97e7b3a80fe0e0') in 0.027816 seconds
Number of updated asset objects reloaded before import = 0
Number of asset objects unloaded after import = 116
========================================================================
Received Import Request.
  Time since last request: 0.000015 seconds.
  path: Assets/Fighter Pack Bundle FREE/Male Fighter Mecanim Animation Pack FREE/Prefabs/Male.prefab
  artifactKey: Guid(5c1b4e21ca0489847a9faa7c027ac564) Importer(815301076,1909f56bfc062723c751e8b465ee728b)
Start importing Assets/Fighter Pack Bundle FREE/Male Fighter Mecanim Animation Pack FREE/Prefabs/Male.prefab using Guid(5c1b4e21ca0489847a9faa7c027ac564) Importer(815301076,1909f56bfc062723c751e8b465ee728b)  -> (artifact id: '02156e85cc774cb5665af3613dcac424') in 0.028295 seconds
Number of updated asset objects reloaded before import = 0
Number of asset objects unloaded after import = 141
========================================================================
Received Import Request.
  Time since last request: 0.000022 seconds.
  path: Assets/Necromanser/Animations/Necromancer@death.fbx
  artifactKey: Guid(75880581ac3df894f8816241f5b83158) Importer(815301076,1909f56bfc062723c751e8b465ee728b)
Start importing Assets/Necromanser/Animations/Necromancer@death.fbx using Guid(75880581ac3df894f8816241f5b83158) Importer(815301076,1909f56bfc062723c751e8b465ee728b)  -> (artifact id: 'e0344e8ef2b9d9f8909ca4c0d4b3aef5') in 0.615347 seconds
Number of updated asset objects reloaded before import = 0
Number of asset objects unloaded after import = 1157
========================================================================
Received Import Request.
  Time since last request: 0.000024 seconds.
  path: Assets/Necromanser/Animations/Necromancer@walk.fbx
  artifactKey: Guid(e6dde35402ac6a4428dd06716ee021dc) Importer(815301076,1909f56bfc062723c751e8b465ee728b)
Start importing Assets/Necromanser/Animations/Necromancer@walk.fbx using Guid(e6dde35402ac6a4428dd06716ee021dc) Importer(815301076,1909f56bfc062723c751e8b465ee728b)  -> (artifact id: 'd9ef8e35084c6b3359971b677e4c1567') in 0.636362 seconds
Number of updated asset objects reloaded before import = 0
Number of asset objects unloaded after import = 1157
========================================================================
Received Import Request.
  Time since last request: 0.000032 seconds.
  path: Assets/YughuesFreeBushes2018/Meshes/Bush03.FBX
  artifactKey: Guid(3d529691bc8baa249a469045aae25cf5) Importer(815301076,1909f56bfc062723c751e8b465ee728b)
Start importing Assets/YughuesFreeBushes2018/Meshes/Bush03.FBX using Guid(3d529691bc8baa249a469045aae25cf5) Importer(815301076,1909f56bfc062723c751e8b465ee728b)  -> (artifact id: '90ab6231a369652d8c418338e79537b8') in 0.116623 seconds
Number of updated asset objects reloaded before import = 0
Number of asset objects unloaded after import = 60
========================================================================
Received Import Request.
  Time since last request: 0.000016 seconds.
  path: Assets/Fighter Pack Bundle FREE/Heavy Fighter Mecanim Animation Pack FREE/Animations/Heavy@Idle.FBX
  artifactKey: Guid(d0d3809b813aa0b4f90429d5587583f0) Importer(815301076,1909f56bfc062723c751e8b465ee728b)
Start importing Assets/Fighter Pack Bundle FREE/Heavy Fighter Mecanim Animation Pack FREE/Animations/Heavy@Idle.FBX using Guid(d0d3809b813aa0b4f90429d5587583f0) Importer(815301076,1909f56bfc062723c751e8b465ee728b)  -> (artifact id: 'd0ea70783b89e3c389a6ba74339b5f58') in 0.009178 seconds
Number of updated asset objects reloaded before import = 0
Number of asset objects unloaded after import = 117
========================================================================
Received Import Request.
  Time since last request: 0.000013 seconds.
  path: Assets/Fighter Pack Bundle FREE/Male Fighter Mecanim Animation Pack FREE/Characters/Male.FBX
  artifactKey: Guid(3067d36b7321e7842932d94ad2dbd80b) Importer(815301076,1909f56bfc062723c751e8b465ee728b)
Start importing Assets/Fighter Pack Bundle FREE/Male Fighter Mecanim Animation Pack FREE/Characters/Male.FBX using Guid(3067d36b7321e7842932d94ad2dbd80b) Importer(815301076,1909f56bfc062723c751e8b465ee728b)  -> (artifact id: 'f6428bd6c0cdfef0e16b3ccbce90e756') in 0.029062 seconds
Number of updated asset objects reloaded before import = 0
Number of asset objects unloaded after import = 120
========================================================================
Received Import Request.
  Time since last request: 0.000016 seconds.
  path: Assets/Fighter Pack Bundle FREE/Heavy Fighter Mecanim Animation Pack FREE/Prefabs/Heavy.prefab
  artifactKey: Guid(1078dad3c5d5163489eca104ecf31e1b) Importer(815301076,1909f56bfc062723c751e8b465ee728b)
Start importing Assets/Fighter Pack Bundle FREE/Heavy Fighter Mecanim Animation Pack FREE/Prefabs/Heavy.prefab using Guid(1078dad3c5d5163489eca104ecf31e1b) Importer(815301076,1909f56bfc062723c751e8b465ee728b)  -> (artifact id: 'b856d349c1763a64d79e6294684d660e') in 0.027078 seconds
Number of updated asset objects reloaded before import = 0
Number of asset objects unloaded after import = 141
========================================================================
Received Import Request.
  Time since last request: 0.000021 seconds.
  path: Assets/YughuesFreeBushes2018/Prefabs/P_Bush01.prefab
  artifactKey: Guid(8109e9e16ba4cc04b8e0928aea897927) Importer(815301076,1909f56bfc062723c751e8b465ee728b)
Start importing Assets/YughuesFreeBushes2018/Prefabs/P_Bush01.prefab using Guid(8109e9e16ba4cc04b8e0928aea897927) Importer(815301076,1909f56bfc062723c751e8b465ee728b)  -> (artifact id: '112ab57ccedda18d83140bd34d96a430') in 0.031189 seconds
Number of updated asset objects reloaded before import = 0
Number of asset objects unloaded after import = 34
========================================================================
Received Import Request.
  Time since last request: 0.000023 seconds.
  path: Assets/Necromanser/Animations/Necromancer@atack1.fbx
  artifactKey: Guid(6410824e15a6c504aab3193095581c80) Importer(815301076,1909f56bfc062723c751e8b465ee728b)
Start importing Assets/Necromanser/Animations/Necromancer@atack1.fbx using Guid(6410824e15a6c504aab3193095581c80) Importer(815301076,1909f56bfc062723c751e8b465ee728b)  -> (artifact id: 'fc6ccfa788dc18a7eaa92c6434fd50dd') in 0.013888 seconds
Number of updated asset objects reloaded before import = 0
Number of asset objects unloaded after import = 637
========================================================================
Received Import Request.
  Time since last request: 0.000023 seconds.
  path: Assets/Fighter Pack Bundle FREE/Male Fighter Mecanim Animation Pack FREE/Animations/Male@Idle.FBX
  artifactKey: Guid(664d2fb3a87d96346a11f067b703e2ac) Importer(815301076,1909f56bfc062723c751e8b465ee728b)
Start importing Assets/Fighter Pack Bundle FREE/Male Fighter Mecanim Animation Pack FREE/Animations/Male@Idle.FBX using Guid(664d2fb3a87d96346a11f067b703e2ac) Importer(815301076,1909f56bfc062723c751e8b465ee728b)  -> (artifact id: '6513b5c6f5b5983054e439df86d02c5c') in 0.007078 seconds
Number of updated asset objects reloaded before import = 0
Number of asset objects unloaded after import = 117
========================================================================
Received Import Request.
  Time since last request: 0.000017 seconds.
  path: Assets/VillagePack/Well/Well.prefab
  artifactKey: Guid(22780bb3d42e70349b5857c462d56bcb) Importer(815301076,1909f56bfc062723c751e8b465ee728b)
Start importing Assets/VillagePack/Well/Well.prefab using Guid(22780bb3d42e70349b5857c462d56bcb) Importer(815301076,1909f56bfc062723c751e8b465ee728b)  -> (artifact id: 'fde571739a8ade1306e61013db61c97a') in 0.042667 seconds
Number of updated asset objects reloaded before import = 0
Number of asset objects unloaded after import = 408
========================================================================
Received Import Request.
  Time since last request: 0.000031 seconds.
  path: Assets/YughuesFreeBushes2018/Meshes/OLD/bush_03.obj
  artifactKey: Guid(622cd4aba51b9004bafb09b503395868) Importer(815301076,1909f56bfc062723c751e8b465ee728b)
Start importing Assets/YughuesFreeBushes2018/Meshes/OLD/bush_03.obj using Guid(622cd4aba51b9004bafb09b503395868) Importer(815301076,1909f56bfc062723c751e8b465ee728b)  -> (artifact id: '6e9bef6a34addde3a83e2a1ba028f87a') in 0.066021 seconds
Number of updated asset objects reloaded before import = 0
Number of asset objects unloaded after import = 22
========================================================================
Received Import Request.
  Time since last request: 0.000019 seconds.
  path: Assets/Necromanser/Animations/Necromancer@jump.fbx
  artifactKey: Guid(e392370d8d5044d41bd74782d760a557) Importer(815301076,1909f56bfc062723c751e8b465ee728b)
Start importing Assets/Necromanser/Animations/Necromancer@jump.fbx using Guid(e392370d8d5044d41bd74782d760a557) Importer(815301076,1909f56bfc062723c751e8b465ee728b)  -> (artifact id: '2442fd73f5819f942b030464381f5c4b') in 0.699797 seconds
Number of updated asset objects reloaded before import = 0
Number of asset objects unloaded after import = 1157
========================================================================
Received Import Request.
  Time since last request: 0.000031 seconds.
  path: Assets/YughuesFreeBushes2018/Prefabs/P_Bush04.prefab
  artifactKey: Guid(e334e6614ad50f749b0a37528784c614) Importer(815301076,1909f56bfc062723c751e8b465ee728b)
Start importing Assets/YughuesFreeBushes2018/Prefabs/P_Bush04.prefab using Guid(e334e6614ad50f749b0a37528784c614) Importer(815301076,1909f56bfc062723c751e8b465ee728b)  -> (artifact id: '6246fd5c50ea95b1569b63766e98400a') in 0.041208 seconds
Number of updated asset objects reloaded before import = 0
Number of asset objects unloaded after import = 34
========================================================================
Received Import Request.
  Time since last request: 0.000030 seconds.
  path: Assets/Necromanser/Animations/Necromancer@getgit.fbx
  artifactKey: Guid(86a7dc22c5117f049900556ee27bf3f8) Importer(815301076,1909f56bfc062723c751e8b465ee728b)
Start importing Assets/Necromanser/Animations/Necromancer@getgit.fbx using Guid(86a7dc22c5117f049900556ee27bf3f8) Importer(815301076,1909f56bfc062723c751e8b465ee728b)  -> (artifact id: 'db957c0bb68119e68e8df3a0bed00c0c') in 0.669155 seconds
Number of updated asset objects reloaded before import = 0
Number of asset objects unloaded after import = 1157
========================================================================
Received Import Request.
  Time since last request: 0.000027 seconds.
  path: Assets/Fighter Pack Bundle FREE/Heavy Fighter Mecanim Animation Pack FREE/Animations/Heavy@WalkBackward.FBX
  artifactKey: Guid(ef4187767e14bbd438989757f2cde274) Importer(815301076,1909f56bfc062723c751e8b465ee728b)
Start importing Assets/Fighter Pack Bundle FREE/Heavy Fighter Mecanim Animation Pack FREE/Animations/Heavy@WalkBackward.FBX using Guid(ef4187767e14bbd438989757f2cde274) Importer(815301076,1909f56bfc062723c751e8b465ee728b)  -> (artifact id: 'c2f24d490d1c5b79546c1b486f97ca1e') in 0.009534 seconds
Number of updated asset objects reloaded before import = 0
Number of asset objects unloaded after import = 117
Editor requested this worker to shutdown with reason: Scaling down because of idle timeout
TcpMessagingSession - receive error: operation aborted. errorcode: 995, details: The I/O operation has been aborted because of either a thread exit or an application request.
AssetImportWorker is now disconnected from the server
Process exiting
Exiting without the bug reporter. Application will terminate with return code 0